2022-06-29 09:56:38.200  WARN 32672 --- [HikariPool-7 housekeeper] com.zaxxer.hikari.pool.HikariPool        : HikariPool-7 - Thread starvation or clock leap detected (housekeeper delta=10h13m9s214ms797µs200ns).
2022-06-29 10:18:27.891  INFO 32672 --- [RMI TCP Connection(307)-127.0.0.1] inMXBeanRegistrar$SpringApplicationAdmin : Application shutdown requested.
2022-06-29 10:18:27.919  INFO 32672 --- [RMI TCP Connection(307)-127.0.0.1] j.LocalContainerEntityManagerFactoryBean : Closing JPA EntityManagerFactory for persistence unit 'default'
2022-06-29 10:18:27.923  INFO 32672 --- [RMI TCP Connection(307)-127.0.0.1] com.zaxxer.hikari.HikariDataSource       : HikariPool-7 - Shutdown initiated...
2022-06-29 10:18:27.926  INFO 32672 --- [RMI TCP Connection(307)-127.0.0.1] com.zaxxer.hikari.HikariDataSource       : HikariPool-7 - Shutdown completed.
2022-06-29 10:58:53.352  INFO 20992 --- [restartedMain] c.e.f.FlightManagementApplication        : Starting FlightManagementApplication using Java 17.0.1 on LAPTOP-IK5A7E90 with PID 20992 (C:\Users\xiees\Documents\Xie_Ester_BonVoyage_CaseStudy\target\classes started by xiees in C:\Users\xiees\Documents\Xie_Ester_BonVoyage_CaseStudy)
2022-06-29 10:58:53.353  INFO 20992 --- [restartedMain] c.e.f.FlightManagementApplication        : No active profile set, falling back to 1 default profile: "default"
2022-06-29 10:58:53.412  INFO 20992 --- [restartedMain] .e.DevToolsPropertyDefaultsPostProcessor : Devtools property defaults active! Set 'spring.devtools.add-properties' to 'false' to disable
2022-06-29 10:58:53.412  INFO 20992 --- [restartedMain] .e.DevToolsPropertyDefaultsPostProcessor : For additional web related logging consider setting the 'logging.level.web' property to 'DEBUG'
2022-06-29 10:58:54.168  INFO 20992 --- [restartedMain] .s.d.r.c.RepositoryConfigurationDelegate : Bootstrapping Spring Data JPA repositories in DEFAULT mode.
2022-06-29 10:58:54.226  INFO 20992 --- [restartedMain] .s.d.r.c.RepositoryConfigurationDelegate : Finished Spring Data repository scanning in 50 ms. Found 2 JPA repository interfaces.
2022-06-29 10:58:54.584  INFO 20992 --- [restartedMain] trationDelegate$BeanPostProcessorChecker : Bean 'org.springframework.security.access.expression.method.DefaultMethodSecurityExpressionHandler@404fdc81' of type [org.springframework.security.access.expression.method.DefaultMethodSecurityExpressionHandler] is not eligible for getting processed by all BeanPostProcessors (for example: not eligible for auto-proxying)
2022-06-29 10:58:54.588  INFO 20992 --- [restartedMain] trationDelegate$BeanPostProcessorChecker : Bean 'methodSecurityMetadataSource' of type [org.springframework.security.access.method.DelegatingMethodSecurityMetadataSource] is not eligible for getting processed by all BeanPostProcessors (for example: not eligible for auto-proxying)
2022-06-29 10:58:54.913  INFO 20992 --- [restartedMain] o.s.b.w.embedded.tomcat.TomcatWebServer  : Tomcat initialized with port(s): 8080 (http)
2022-06-29 10:58:54.923  INFO 20992 --- [restartedMain] o.apache.catalina.core.StandardService   : Starting service [Tomcat]
2022-06-29 10:58:54.923  INFO 20992 --- [restartedMain] org.apache.catalina.core.StandardEngine  : Starting Servlet engine: [Apache Tomcat/9.0.60]
2022-06-29 10:58:55.051  INFO 20992 --- [restartedMain] o.a.c.c.C.[Tomcat].[localhost].[/]       : Initializing Spring embedded WebApplicationContext
2022-06-29 10:58:55.052  INFO 20992 --- [restartedMain] w.s.c.ServletWebServerApplicationContext : Root WebApplicationContext: initialization completed in 1639 ms
2022-06-29 10:58:55.193 DEBUG 20992 --- [restartedMain] j.LocalContainerEntityManagerFactoryBean : Building JPA container EntityManagerFactory for persistence unit 'default'
2022-06-29 10:58:55.216  INFO 20992 --- [restartedMain] o.hibernate.jpa.internal.util.LogHelper  : HHH000204: Processing PersistenceUnitInfo [name: default]
2022-06-29 10:58:55.290  INFO 20992 --- [restartedMain] org.hibernate.Version                    : HHH000412: Hibernate ORM core version 5.4.33
2022-06-29 10:58:55.465  INFO 20992 --- [restartedMain] o.hibernate.annotations.common.Version   : HCANN000001: Hibernate Commons Annotations {5.1.2.Final}
2022-06-29 10:58:55.579  INFO 20992 --- [restartedMain] com.zaxxer.hikari.HikariDataSource       : HikariPool-1 - Starting...
2022-06-29 10:58:55.651  INFO 20992 --- [restartedMain] com.zaxxer.hikari.HikariDataSource       : HikariPool-1 - Start completed.
2022-06-29 10:58:55.671  INFO 20992 --- [restartedMain] org.hibernate.dialect.Dialect            : HHH000400: Using dialect: org.hibernate.dialect.MariaDB102Dialect
2022-06-29 10:58:56.455  INFO 20992 --- [restartedMain] o.h.e.t.j.p.i.JtaPlatformInitiator       : HHH000490: Using JtaPlatform implementation: [org.hibernate.engine.transaction.jta.platform.internal.NoJtaPlatform]
2022-06-29 10:58:56.463  INFO 20992 --- [restartedMain] j.LocalContainerEntityManagerFactoryBean : Initialized JPA EntityManagerFactory for persistence unit 'default'
2022-06-29 10:58:56.523  WARN 20992 --- [restartedMain] JpaBaseConfiguration$JpaWebConfiguration : spring.jpa.open-in-view is enabled by default. Therefore, database queries may be performed during view rendering. Explicitly configure spring.jpa.open-in-view to disable this warning
2022-06-29 10:58:56.630 DEBUG 20992 --- [restartedMain] tor$SharedEntityManagerInvocationHandler : Creating new EntityManager for shared EntityManager invocation
2022-06-29 10:58:56.680 DEBUG 20992 --- [restartedMain] tor$SharedEntityManagerInvocationHandler : Creating new EntityManager for shared EntityManager invocation
2022-06-29 10:58:56.740 DEBUG 20992 --- [restartedMain] tor$SharedEntityManagerInvocationHandler : Creating new EntityManager for shared EntityManager invocation
2022-06-29 10:58:56.811 DEBUG 20992 --- [restartedMain] tor$SharedEntityManagerInvocationHandler : Creating new EntityManager for shared EntityManager invocation
2022-06-29 10:58:56.814 DEBUG 20992 --- [restartedMain] tor$SharedEntityManagerInvocationHandler : Creating new EntityManager for shared EntityManager invocation
2022-06-29 10:58:56.835 DEBUG 20992 --- [restartedMain] tor$SharedEntityManagerInvocationHandler : Creating new EntityManager for shared EntityManager invocation
2022-06-29 10:58:56.836 DEBUG 20992 --- [restartedMain] tor$SharedEntityManagerInvocationHandler : Creating new EntityManager for shared EntityManager invocation
2022-06-29 10:58:56.856 DEBUG 20992 --- [restartedMain] tor$SharedEntityManagerInvocationHandler : Creating new EntityManager for shared EntityManager invocation
2022-06-29 10:58:56.858 DEBUG 20992 --- [restartedMain] tor$SharedEntityManagerInvocationHandler : Creating new EntityManager for shared EntityManager invocation
2022-06-29 10:58:56.861 DEBUG 20992 --- [restartedMain] tor$SharedEntityManagerInvocationHandler : Creating new EntityManager for shared EntityManager invocation
2022-06-29 10:58:56.862 DEBUG 20992 --- [restartedMain] tor$SharedEntityManagerInvocationHandler : Creating new EntityManager for shared EntityManager invocation
2022-06-29 10:58:56.865 DEBUG 20992 --- [restartedMain] tor$SharedEntityManagerInvocationHandler : Creating new EntityManager for shared EntityManager invocation
2022-06-29 10:58:56.907 DEBUG 20992 --- [restartedMain] tor$SharedEntityManagerInvocationHandler : Creating new EntityManager for shared EntityManager invocation
2022-06-29 10:58:57.061  WARN 20992 --- [restartedMain] o.s.s.c.a.web.builders.WebSecurity       : You are asking Spring Security to ignore Ant [pattern='/populateNewFlights/**']. This is not recommended -- please use permitAll via HttpSecurity#authorizeHttpRequests instead.
2022-06-29 10:58:57.063  INFO 20992 --- [restartedMain] o.s.s.web.DefaultSecurityFilterChain     : Will secure Ant [pattern='/populateNewFlights/**'] with []
2022-06-29 10:58:57.063  WARN 20992 --- [restartedMain] o.s.s.c.a.web.builders.WebSecurity       : You are asking Spring Security to ignore Ant [pattern='/resources/**']. This is not recommended -- please use permitAll via HttpSecurity#authorizeHttpRequests instead.
2022-06-29 10:58:57.063  INFO 20992 --- [restartedMain] o.s.s.web.DefaultSecurityFilterChain     : Will secure Ant [pattern='/resources/**'] with []
2022-06-29 10:58:57.064  WARN 20992 --- [restartedMain] o.s.s.c.a.web.builders.WebSecurity       : You are asking Spring Security to ignore Ant [pattern='/static/**']. This is not recommended -- please use permitAll via HttpSecurity#authorizeHttpRequests instead.
2022-06-29 10:58:57.064  INFO 20992 --- [restartedMain] o.s.s.web.DefaultSecurityFilterChain     : Will secure Ant [pattern='/static/**'] with []
2022-06-29 10:58:57.064  WARN 20992 --- [restartedMain] o.s.s.c.a.web.builders.WebSecurity       : You are asking Spring Security to ignore Ant [pattern='/home']. This is not recommended -- please use permitAll via HttpSecurity#authorizeHttpRequests instead.
2022-06-29 10:58:57.064  INFO 20992 --- [restartedMain] o.s.s.web.DefaultSecurityFilterChain     : Will secure Ant [pattern='/home'] with []
2022-06-29 10:58:57.099  INFO 20992 --- [restartedMain] o.s.s.web.DefaultSecurityFilterChain     : Will not secure any request
2022-06-29 10:58:57.519  INFO 20992 --- [restartedMain] o.s.b.d.a.OptionalLiveReloadServer       : LiveReload server is running on port 35729
2022-06-29 10:58:57.565  INFO 20992 --- [restartedMain] o.s.b.w.embedded.tomcat.TomcatWebServer  : Tomcat started on port(s): 8080 (http) with context path ''
2022-06-29 10:58:57.576  INFO 20992 --- [restartedMain] c.e.f.FlightManagementApplication        : Started FlightManagementApplication in 4.638 seconds (JVM running for 5.342)
2022-06-29 10:58:57.585 DEBUG 20992 --- [restartedMain] tor$SharedEntityManagerInvocationHandler : Creating new EntityManager for shared EntityManager invocation
2022-06-29 10:58:57.657 DEBUG 20992 --- [restartedMain] org.hibernate.SQL                        : SELECT * FROM users where email=? LIMIT 1
2022-06-29 10:59:00.297  INFO 20992 --- [http-nio-8080-exec-1] o.a.c.c.C.[Tomcat].[localhost].[/]       : Initializing Spring DispatcherServlet 'dispatcherServlet'
2022-06-29 10:59:00.298  INFO 20992 --- [http-nio-8080-exec-1] o.s.web.servlet.DispatcherServlet        : Initializing Servlet 'dispatcherServlet'
2022-06-29 10:59:00.299  INFO 20992 --- [http-nio-8080-exec-1] o.s.web.servlet.DispatcherServlet        : Completed initialization in 1 ms
2022-06-29 10:59:00.400 DEBUG 20992 --- [http-nio-8080-exec-2] o.j.s.OpenEntityManagerInViewInterceptor : Opening JPA EntityManager in OpenEntityManagerInViewInterceptor
2022-06-29 10:59:00.677 DEBUG 20992 --- [http-nio-8080-exec-2] o.j.s.OpenEntityManagerInViewInterceptor : Closing JPA EntityManager in OpenEntityManagerInViewInterceptor
2022-06-29 10:59:00.739 DEBUG 20992 --- [http-nio-8080-exec-4] o.j.s.OpenEntityManagerInViewInterceptor : Opening JPA EntityManager in OpenEntityManagerInViewInterceptor
2022-06-29 10:59:00.739 DEBUG 20992 --- [http-nio-8080-exec-3] o.j.s.OpenEntityManagerInViewInterceptor : Opening JPA EntityManager in OpenEntityManagerInViewInterceptor
2022-06-29 10:59:00.739 DEBUG 20992 --- [http-nio-8080-exec-5] o.j.s.OpenEntityManagerInViewInterceptor : Opening JPA EntityManager in OpenEntityManagerInViewInterceptor
2022-06-29 10:59:00.751 DEBUG 20992 --- [http-nio-8080-exec-4] o.j.s.OpenEntityManagerInViewInterceptor : Closing JPA EntityManager in OpenEntityManagerInViewInterceptor
2022-06-29 10:59:00.751 DEBUG 20992 --- [http-nio-8080-exec-5] o.j.s.OpenEntityManagerInViewInterceptor : Closing JPA EntityManager in OpenEntityManagerInViewInterceptor
2022-06-29 10:59:00.752 DEBUG 20992 --- [http-nio-8080-exec-3] o.j.s.OpenEntityManagerInViewInterceptor : Closing JPA EntityManager in OpenEntityManagerInViewInterceptor
2022-06-29 10:59:01.855 DEBUG 20992 --- [http-nio-8080-exec-6] o.j.s.OpenEntityManagerInViewInterceptor : Opening JPA EntityManager in OpenEntityManagerInViewInterceptor
2022-06-29 10:59:01.864 DEBUG 20992 --- [http-nio-8080-exec-6] o.j.s.OpenEntityManagerInViewInterceptor : Closing JPA EntityManager in OpenEntityManagerInViewInterceptor
2022-06-29 10:59:01.889 DEBUG 20992 --- [http-nio-8080-exec-7] o.j.s.OpenEntityManagerInViewInterceptor : Opening JPA EntityManager in OpenEntityManagerInViewInterceptor
2022-06-29 10:59:01.889 DEBUG 20992 --- [http-nio-8080-exec-8] o.j.s.OpenEntityManagerInViewInterceptor : Opening JPA EntityManager in OpenEntityManagerInViewInterceptor
2022-06-29 10:59:01.891 DEBUG 20992 --- [http-nio-8080-exec-9] o.j.s.OpenEntityManagerInViewInterceptor : Opening JPA EntityManager in OpenEntityManagerInViewInterceptor
2022-06-29 10:59:01.896 DEBUG 20992 --- [http-nio-8080-exec-8] o.j.s.OpenEntityManagerInViewInterceptor : Closing JPA EntityManager in OpenEntityManagerInViewInterceptor
2022-06-29 10:59:01.897 DEBUG 20992 --- [http-nio-8080-exec-7] o.j.s.OpenEntityManagerInViewInterceptor : Closing JPA EntityManager in OpenEntityManagerInViewInterceptor
2022-06-29 10:59:01.897 DEBUG 20992 --- [http-nio-8080-exec-9] o.j.s.OpenEntityManagerInViewInterceptor : Closing JPA EntityManager in OpenEntityManagerInViewInterceptor
2022-06-29 10:59:06.181 DEBUG 20992 --- [http-nio-8080-exec-10] tor$SharedEntityManagerInvocationHandler : Creating new EntityManager for shared EntityManager invocation
2022-06-29 10:59:06.182 DEBUG 20992 --- [http-nio-8080-exec-10] org.hibernate.SQL                        : SELECT * FROM users where email=? LIMIT 1
2022-06-29 10:59:06.290 DEBUG 20992 --- [http-nio-8080-exec-1] o.j.s.OpenEntityManagerInViewInterceptor : Opening JPA EntityManager in OpenEntityManagerInViewInterceptor
2022-06-29 10:59:06.300 DEBUG 20992 --- [http-nio-8080-exec-1] o.j.s.OpenEntityManagerInViewInterceptor : Closing JPA EntityManager in OpenEntityManagerInViewInterceptor
2022-06-29 10:59:06.326 DEBUG 20992 --- [http-nio-8080-exec-2] o.j.s.OpenEntityManagerInViewInterceptor : Opening JPA EntityManager in OpenEntityManagerInViewInterceptor
2022-06-29 10:59:06.327 DEBUG 20992 --- [http-nio-8080-exec-3] o.j.s.OpenEntityManagerInViewInterceptor : Opening JPA EntityManager in OpenEntityManagerInViewInterceptor
2022-06-29 10:59:06.328 DEBUG 20992 --- [http-nio-8080-exec-5] o.j.s.OpenEntityManagerInViewInterceptor : Opening JPA EntityManager in OpenEntityManagerInViewInterceptor
2022-06-29 10:59:06.332 DEBUG 20992 --- [http-nio-8080-exec-2] o.j.s.OpenEntityManagerInViewInterceptor : Closing JPA EntityManager in OpenEntityManagerInViewInterceptor
2022-06-29 10:59:06.333 DEBUG 20992 --- [http-nio-8080-exec-3] o.j.s.OpenEntityManagerInViewInterceptor : Closing JPA EntityManager in OpenEntityManagerInViewInterceptor
2022-06-29 10:59:06.335 DEBUG 20992 --- [http-nio-8080-exec-5] o.j.s.OpenEntityManagerInViewInterceptor : Closing JPA EntityManager in OpenEntityManagerInViewInterceptor
2022-06-29 10:59:06.357 DEBUG 20992 --- [http-nio-8080-exec-4] o.j.s.OpenEntityManagerInViewInterceptor : Opening JPA EntityManager in OpenEntityManagerInViewInterceptor
2022-06-29 10:59:06.357 DEBUG 20992 --- [http-nio-8080-exec-6] o.j.s.OpenEntityManagerInViewInterceptor : Opening JPA EntityManager in OpenEntityManagerInViewInterceptor
2022-06-29 10:59:06.361 DEBUG 20992 --- [http-nio-8080-exec-4] o.j.s.OpenEntityManagerInViewInterceptor : Closing JPA EntityManager in OpenEntityManagerInViewInterceptor
2022-06-29 10:59:06.364 DEBUG 20992 --- [http-nio-8080-exec-6] o.j.s.OpenEntityManagerInViewInterceptor : Closing JPA EntityManager in OpenEntityManagerInViewInterceptor
2022-06-29 10:59:07.209 DEBUG 20992 --- [http-nio-8080-exec-8] o.j.s.OpenEntityManagerInViewInterceptor : Opening JPA EntityManager in OpenEntityManagerInViewInterceptor
2022-06-29 10:59:07.214 DEBUG 20992 --- [http-nio-8080-exec-8] org.hibernate.SQL                        : SELECT * FROM flights order by departure_estimated desc
2022-06-29 10:59:07.375 DEBUG 20992 --- [http-nio-8080-exec-7] o.j.s.OpenEntityManagerInViewInterceptor : Opening JPA EntityManager in OpenEntityManagerInViewInterceptor
2022-06-29 10:59:07.380 DEBUG 20992 --- [http-nio-8080-exec-9] o.j.s.OpenEntityManagerInViewInterceptor : Opening JPA EntityManager in OpenEntityManagerInViewInterceptor
2022-06-29 10:59:07.382 DEBUG 20992 --- [http-nio-8080-exec-7] o.j.s.OpenEntityManagerInViewInterceptor : Closing JPA EntityManager in OpenEntityManagerInViewInterceptor
2022-06-29 10:59:07.385 DEBUG 20992 --- [http-nio-8080-exec-9] o.j.s.OpenEntityManagerInViewInterceptor : Closing JPA EntityManager in OpenEntityManagerInViewInterceptor
2022-06-29 10:59:07.395 DEBUG 20992 --- [http-nio-8080-exec-9] o.j.s.OpenEntityManagerInViewInterceptor : Opening JPA EntityManager in OpenEntityManagerInViewInterceptor
2022-06-29 10:59:07.474 DEBUG 20992 --- [http-nio-8080-exec-9] o.j.s.OpenEntityManagerInViewInterceptor : Closing JPA EntityManager in OpenEntityManagerInViewInterceptor
2022-06-29 10:59:07.548 DEBUG 20992 --- [http-nio-8080-exec-8] o.j.s.OpenEntityManagerInViewInterceptor : Closing JPA EntityManager in OpenEntityManagerInViewInterceptor
2022-06-29 10:59:09.174 DEBUG 20992 --- [http-nio-8080-exec-10] o.j.s.OpenEntityManagerInViewInterceptor : Opening JPA EntityManager in OpenEntityManagerInViewInterceptor
2022-06-29 10:59:09.192 DEBUG 20992 --- [http-nio-8080-exec-10] o.s.orm.jpa.JpaTransactionManager        : Found thread-bound EntityManager [SessionImpl(1371231612<open>)] for JPA transaction
2022-06-29 10:59:09.192 DEBUG 20992 --- [http-nio-8080-exec-10] o.s.orm.jpa.JpaTransactionManager        : Creating new transaction with name [org.springframework.data.jpa.repository.support.SimpleJpaRepository.findById]: PROPAGATION_REQUIRED,ISOLATION_DEFAULT,readOnly
2022-06-29 10:59:09.196 DEBUG 20992 --- [http-nio-8080-exec-10] o.s.orm.jpa.JpaTransactionManager        : Exposing JPA transaction as JDBC [org.springframework.orm.jpa.vendor.HibernateJpaDialect$HibernateConnectionHandle@15135729]
2022-06-29 10:59:09.205 DEBUG 20992 --- [http-nio-8080-exec-10] org.hibernate.SQL                        : select flight0_.flight_number as flight_n1_0_0_, flight0_.airline_name as airline_2_0_0_, flight0_.arrival_airport as arrival_3_0_0_, flight0_.arrival_estimated as arrival_4_0_0_, flight0_.arrival_scheduled as arrival_5_0_0_, flight0_.arrival_timezone as arrival_6_0_0_, flight0_.departure_airport as departur7_0_0_, flight0_.departure_estimated as departur8_0_0_, flight0_.departure_scheduled as departur9_0_0_, flight0_.departure_timezone as departu10_0_0_, flight0_.flight_date as flight_11_0_0_, flight0_.flight_status as flight_12_0_0_ from flights flight0_ where flight0_.flight_number=?
2022-06-29 10:59:09.211 DEBUG 20992 --- [http-nio-8080-exec-10] o.s.orm.jpa.JpaTransactionManager        : Initiating transaction commit
2022-06-29 10:59:09.211 DEBUG 20992 --- [http-nio-8080-exec-10] o.s.orm.jpa.JpaTransactionManager        : Committing JPA transaction on EntityManager [SessionImpl(1371231612<open>)]
2022-06-29 10:59:09.212 DEBUG 20992 --- [http-nio-8080-exec-10] o.s.orm.jpa.JpaTransactionManager        : Not closing pre-bound JPA EntityManager after transaction
2022-06-29 10:59:09.212 DEBUG 20992 --- [http-nio-8080-exec-10] org.hibernate.SQL                        : SELECT * FROM users where email=? LIMIT 1
2022-06-29 10:59:09.215 DEBUG 20992 --- [http-nio-8080-exec-10] org.hibernate.SQL                        : select flights0_.user_id as user_id1_2_0_, flights0_.flights_flight_number as flights_2_2_0_, flight1_.flight_number as flight_n1_0_1_, flight1_.airline_name as airline_2_0_1_, flight1_.arrival_airport as arrival_3_0_1_, flight1_.arrival_estimated as arrival_4_0_1_, flight1_.arrival_scheduled as arrival_5_0_1_, flight1_.arrival_timezone as arrival_6_0_1_, flight1_.departure_airport as departur7_0_1_, flight1_.departure_estimated as departur8_0_1_, flight1_.departure_scheduled as departur9_0_1_, flight1_.departure_timezone as departu10_0_1_, flight1_.flight_date as flight_11_0_1_, flight1_.flight_status as flight_12_0_1_ from users_flights flights0_ inner join flights flight1_ on flights0_.flights_flight_number=flight1_.flight_number where flights0_.user_id=?
2022-06-29 10:59:09.219 DEBUG 20992 --- [http-nio-8080-exec-10] o.s.orm.jpa.JpaTransactionManager        : Found thread-bound EntityManager [SessionImpl(1371231612<open>)] for JPA transaction
2022-06-29 10:59:09.219 DEBUG 20992 --- [http-nio-8080-exec-10] o.s.orm.jpa.JpaTransactionManager        : Creating new transaction with name [org.springframework.data.jpa.repository.support.SimpleJpaRepository.save]: PROPAGATION_REQUIRED,ISOLATION_DEFAULT
2022-06-29 10:59:09.220 DEBUG 20992 --- [http-nio-8080-exec-10] o.s.orm.jpa.JpaTransactionManager        : Exposing JPA transaction as JDBC [org.springframework.orm.jpa.vendor.HibernateJpaDialect$HibernateConnectionHandle@2ead46c6]
2022-06-29 10:59:09.235 DEBUG 20992 --- [http-nio-8080-exec-10] o.s.orm.jpa.JpaTransactionManager        : Initiating transaction commit
2022-06-29 10:59:09.236 DEBUG 20992 --- [http-nio-8080-exec-10] o.s.orm.jpa.JpaTransactionManager        : Committing JPA transaction on EntityManager [SessionImpl(1371231612<open>)]
2022-06-29 10:59:09.255 DEBUG 20992 --- [http-nio-8080-exec-10] org.hibernate.SQL                        : insert into users_flights (user_id, flights_flight_number) values (?, ?)
2022-06-29 10:59:09.261 DEBUG 20992 --- [http-nio-8080-exec-10] o.s.orm.jpa.JpaTransactionManager        : Not closing pre-bound JPA EntityManager after transaction
2022-06-29 10:59:09.262 DEBUG 20992 --- [http-nio-8080-exec-10] org.hibernate.SQL                        : SELECT * FROM users where email=? LIMIT 1
2022-06-29 10:59:09.270 DEBUG 20992 --- [http-nio-8080-exec-10] o.j.s.OpenEntityManagerInViewInterceptor : Closing JPA EntityManager in OpenEntityManagerInViewInterceptor
2022-06-29 10:59:09.295 DEBUG 20992 --- [http-nio-8080-exec-1] o.j.s.OpenEntityManagerInViewInterceptor : Opening JPA EntityManager in OpenEntityManagerInViewInterceptor
2022-06-29 10:59:09.296 DEBUG 20992 --- [http-nio-8080-exec-2] o.j.s.OpenEntityManagerInViewInterceptor : Opening JPA EntityManager in OpenEntityManagerInViewInterceptor
2022-06-29 10:59:09.298 DEBUG 20992 --- [http-nio-8080-exec-2] o.j.s.OpenEntityManagerInViewInterceptor : Closing JPA EntityManager in OpenEntityManagerInViewInterceptor
2022-06-29 10:59:09.299 DEBUG 20992 --- [http-nio-8080-exec-1] o.j.s.OpenEntityManagerInViewInterceptor : Closing JPA EntityManager in OpenEntityManagerInViewInterceptor
2022-06-29 10:59:09.300 DEBUG 20992 --- [http-nio-8080-exec-2] o.j.s.OpenEntityManagerInViewInterceptor : Opening JPA EntityManager in OpenEntityManagerInViewInterceptor
2022-06-29 10:59:09.302 DEBUG 20992 --- [http-nio-8080-exec-2] o.j.s.OpenEntityManagerInViewInterceptor : Closing JPA EntityManager in OpenEntityManagerInViewInterceptor
2022-06-29 10:59:09.365 DEBUG 20992 --- [http-nio-8080-exec-3] o.j.s.OpenEntityManagerInViewInterceptor : Opening JPA EntityManager in OpenEntityManagerInViewInterceptor
2022-06-29 10:59:09.366 DEBUG 20992 --- [http-nio-8080-exec-3] o.j.s.OpenEntityManagerInViewInterceptor : Closing JPA EntityManager in OpenEntityManagerInViewInterceptor
2022-06-29 10:59:09.367 DEBUG 20992 --- [http-nio-8080-exec-3] o.j.s.OpenEntityManagerInViewInterceptor : Opening JPA EntityManager in OpenEntityManagerInViewInterceptor
2022-06-29 10:59:09.368 DEBUG 20992 --- [http-nio-8080-exec-3] o.j.s.OpenEntityManagerInViewInterceptor : Closing JPA EntityManager in OpenEntityManagerInViewInterceptor
2022-06-29 10:59:10.291 DEBUG 20992 --- [http-nio-8080-exec-5] o.j.s.OpenEntityManagerInViewInterceptor : Opening JPA EntityManager in OpenEntityManagerInViewInterceptor
2022-06-29 10:59:10.292 DEBUG 20992 --- [http-nio-8080-exec-5] org.hibernate.SQL                        : SELECT * FROM flights order by departure_estimated desc
2022-06-29 10:59:10.344 DEBUG 20992 --- [http-nio-8080-exec-4] o.j.s.OpenEntityManagerInViewInterceptor : Opening JPA EntityManager in OpenEntityManagerInViewInterceptor
2022-06-29 10:59:10.351 DEBUG 20992 --- [http-nio-8080-exec-6] o.j.s.OpenEntityManagerInViewInterceptor : Opening JPA EntityManager in OpenEntityManagerInViewInterceptor
2022-06-29 10:59:10.353 DEBUG 20992 --- [http-nio-8080-exec-6] o.j.s.OpenEntityManagerInViewInterceptor : Closing JPA EntityManager in OpenEntityManagerInViewInterceptor
2022-06-29 10:59:10.353 DEBUG 20992 --- [http-nio-8080-exec-4] o.j.s.OpenEntityManagerInViewInterceptor : Closing JPA EntityManager in OpenEntityManagerInViewInterceptor
2022-06-29 10:59:10.354 DEBUG 20992 --- [http-nio-8080-exec-6] o.j.s.OpenEntityManagerInViewInterceptor : Opening JPA EntityManager in OpenEntityManagerInViewInterceptor
2022-06-29 10:59:10.382 DEBUG 20992 --- [http-nio-8080-exec-6] o.j.s.OpenEntityManagerInViewInterceptor : Closing JPA EntityManager in OpenEntityManagerInViewInterceptor
2022-06-29 10:59:10.432 DEBUG 20992 --- [http-nio-8080-exec-7] o.j.s.OpenEntityManagerInViewInterceptor : Opening JPA EntityManager in OpenEntityManagerInViewInterceptor
2022-06-29 10:59:10.433 DEBUG 20992 --- [http-nio-8080-exec-7] o.j.s.OpenEntityManagerInViewInterceptor : Closing JPA EntityManager in OpenEntityManagerInViewInterceptor
2022-06-29 10:59:10.434 DEBUG 20992 --- [http-nio-8080-exec-7] o.j.s.OpenEntityManagerInViewInterceptor : Opening JPA EntityManager in OpenEntityManagerInViewInterceptor
2022-06-29 10:59:10.435 DEBUG 20992 --- [http-nio-8080-exec-7] o.j.s.OpenEntityManagerInViewInterceptor : Closing JPA EntityManager in OpenEntityManagerInViewInterceptor
2022-06-29 10:59:10.455 DEBUG 20992 --- [http-nio-8080-exec-5] o.j.s.OpenEntityManagerInViewInterceptor : Closing JPA EntityManager in OpenEntityManagerInViewInterceptor
2022-06-29 10:59:13.718 DEBUG 20992 --- [http-nio-8080-exec-9] o.j.s.OpenEntityManagerInViewInterceptor : Opening JPA EntityManager in OpenEntityManagerInViewInterceptor
2022-06-29 10:59:13.719 DEBUG 20992 --- [http-nio-8080-exec-9] org.hibernate.SQL                        : SELECT * FROM users where email=? LIMIT 1
2022-06-29 10:59:13.725 DEBUG 20992 --- [http-nio-8080-exec-9] org.hibernate.SQL                        : select flights0_.user_id as user_id1_2_0_, flights0_.flights_flight_number as flights_2_2_0_, flight1_.flight_number as flight_n1_0_1_, flight1_.airline_name as airline_2_0_1_, flight1_.arrival_airport as arrival_3_0_1_, flight1_.arrival_estimated as arrival_4_0_1_, flight1_.arrival_scheduled as arrival_5_0_1_, flight1_.arrival_timezone as arrival_6_0_1_, flight1_.departure_airport as departur7_0_1_, flight1_.departure_estimated as departur8_0_1_, flight1_.departure_scheduled as departur9_0_1_, flight1_.departure_timezone as departu10_0_1_, flight1_.flight_date as flight_11_0_1_, flight1_.flight_status as flight_12_0_1_ from users_flights flights0_ inner join flights flight1_ on flights0_.flights_flight_number=flight1_.flight_number where flights0_.user_id=?
2022-06-29 10:59:13.728 DEBUG 20992 --- [http-nio-8080-exec-9] o.j.s.OpenEntityManagerInViewInterceptor : Closing JPA EntityManager in OpenEntityManagerInViewInterceptor
2022-06-29 10:59:13.758 DEBUG 20992 --- [http-nio-8080-exec-8] o.j.s.OpenEntityManagerInViewInterceptor : Opening JPA EntityManager in OpenEntityManagerInViewInterceptor
2022-06-29 10:59:13.760 DEBUG 20992 --- [http-nio-8080-exec-10] o.j.s.OpenEntityManagerInViewInterceptor : Opening JPA EntityManager in OpenEntityManagerInViewInterceptor
2022-06-29 10:59:13.761 DEBUG 20992 --- [http-nio-8080-exec-8] o.j.s.OpenEntityManagerInViewInterceptor : Closing JPA EntityManager in OpenEntityManagerInViewInterceptor
2022-06-29 10:59:13.766 DEBUG 20992 --- [http-nio-8080-exec-10] o.j.s.OpenEntityManagerInViewInterceptor : Closing JPA EntityManager in OpenEntityManagerInViewInterceptor
2022-06-29 10:59:13.767 DEBUG 20992 --- [http-nio-8080-exec-10] o.j.s.OpenEntityManagerInViewInterceptor : Opening JPA EntityManager in OpenEntityManagerInViewInterceptor
2022-06-29 10:59:13.768 DEBUG 20992 --- [http-nio-8080-exec-10] o.j.s.OpenEntityManagerInViewInterceptor : Closing JPA EntityManager in OpenEntityManagerInViewInterceptor
2022-06-29 10:59:13.810 DEBUG 20992 --- [http-nio-8080-exec-1] o.j.s.OpenEntityManagerInViewInterceptor : Opening JPA EntityManager in OpenEntityManagerInViewInterceptor
2022-06-29 10:59:13.811 DEBUG 20992 --- [http-nio-8080-exec-1] o.j.s.OpenEntityManagerInViewInterceptor : Closing JPA EntityManager in OpenEntityManagerInViewInterceptor
2022-06-29 10:59:13.812 DEBUG 20992 --- [http-nio-8080-exec-1] o.j.s.OpenEntityManagerInViewInterceptor : Opening JPA EntityManager in OpenEntityManagerInViewInterceptor
2022-06-29 10:59:13.813 DEBUG 20992 --- [http-nio-8080-exec-1] o.j.s.OpenEntityManagerInViewInterceptor : Closing JPA EntityManager in OpenEntityManagerInViewInterceptor
2022-06-29 10:59:14.528 DEBUG 20992 --- [http-nio-8080-exec-2] o.j.s.OpenEntityManagerInViewInterceptor : Opening JPA EntityManager in OpenEntityManagerInViewInterceptor
2022-06-29 10:59:14.530 DEBUG 20992 --- [http-nio-8080-exec-2] org.hibernate.SQL                        : SELECT * FROM flights order by departure_estimated desc
2022-06-29 10:59:14.575 DEBUG 20992 --- [http-nio-8080-exec-3] o.j.s.OpenEntityManagerInViewInterceptor : Opening JPA EntityManager in OpenEntityManagerInViewInterceptor
2022-06-29 10:59:14.578 DEBUG 20992 --- [http-nio-8080-exec-4] o.j.s.OpenEntityManagerInViewInterceptor : Opening JPA EntityManager in OpenEntityManagerInViewInterceptor
2022-06-29 10:59:14.579 DEBUG 20992 --- [http-nio-8080-exec-3] o.j.s.OpenEntityManagerInViewInterceptor : Closing JPA EntityManager in OpenEntityManagerInViewInterceptor
2022-06-29 10:59:14.580 DEBUG 20992 --- [http-nio-8080-exec-4] o.j.s.OpenEntityManagerInViewInterceptor : Closing JPA EntityManager in OpenEntityManagerInViewInterceptor
2022-06-29 10:59:14.581 DEBUG 20992 --- [http-nio-8080-exec-4] o.j.s.OpenEntityManagerInViewInterceptor : Opening JPA EntityManager in OpenEntityManagerInViewInterceptor
2022-06-29 10:59:14.583 DEBUG 20992 --- [http-nio-8080-exec-4] o.j.s.OpenEntityManagerInViewInterceptor : Closing JPA EntityManager in OpenEntityManagerInViewInterceptor
2022-06-29 10:59:14.633 DEBUG 20992 --- [http-nio-8080-exec-6] o.j.s.OpenEntityManagerInViewInterceptor : Opening JPA EntityManager in OpenEntityManagerInViewInterceptor
2022-06-29 10:59:14.634 DEBUG 20992 --- [http-nio-8080-exec-6] o.j.s.OpenEntityManagerInViewInterceptor : Closing JPA EntityManager in OpenEntityManagerInViewInterceptor
2022-06-29 10:59:14.635 DEBUG 20992 --- [http-nio-8080-exec-6] o.j.s.OpenEntityManagerInViewInterceptor : Opening JPA EntityManager in OpenEntityManagerInViewInterceptor
2022-06-29 10:59:14.636 DEBUG 20992 --- [http-nio-8080-exec-6] o.j.s.OpenEntityManagerInViewInterceptor : Closing JPA EntityManager in OpenEntityManagerInViewInterceptor
2022-06-29 10:59:14.648 DEBUG 20992 --- [http-nio-8080-exec-2] o.j.s.OpenEntityManagerInViewInterceptor : Closing JPA EntityManager in OpenEntityManagerInViewInterceptor
2022-06-29 10:59:16.045 DEBUG 20992 --- [http-nio-8080-exec-7] o.j.s.OpenEntityManagerInViewInterceptor : Opening JPA EntityManager in OpenEntityManagerInViewInterceptor
2022-06-29 10:59:16.046 DEBUG 20992 --- [http-nio-8080-exec-7] o.s.orm.jpa.JpaTransactionManager        : Found thread-bound EntityManager [SessionImpl(1043372313<open>)] for JPA transaction
2022-06-29 10:59:16.046 DEBUG 20992 --- [http-nio-8080-exec-7] o.s.orm.jpa.JpaTransactionManager        : Creating new transaction with name [org.springframework.data.jpa.repository.support.SimpleJpaRepository.findById]: PROPAGATION_REQUIRED,ISOLATION_DEFAULT,readOnly
2022-06-29 10:59:16.047 DEBUG 20992 --- [http-nio-8080-exec-7] o.s.orm.jpa.JpaTransactionManager        : Exposing JPA transaction as JDBC [org.springframework.orm.jpa.vendor.HibernateJpaDialect$HibernateConnectionHandle@7b3210bb]
2022-06-29 10:59:16.047 DEBUG 20992 --- [http-nio-8080-exec-7] org.hibernate.SQL                        : select flight0_.flight_number as flight_n1_0_0_, flight0_.airline_name as airline_2_0_0_, flight0_.arrival_airport as arrival_3_0_0_, flight0_.arrival_estimated as arrival_4_0_0_, flight0_.arrival_scheduled as arrival_5_0_0_, flight0_.arrival_timezone as arrival_6_0_0_, flight0_.departure_airport as departur7_0_0_, flight0_.departure_estimated as departur8_0_0_, flight0_.departure_scheduled as departur9_0_0_, flight0_.departure_timezone as departu10_0_0_, flight0_.flight_date as flight_11_0_0_, flight0_.flight_status as flight_12_0_0_ from flights flight0_ where flight0_.flight_number=?
2022-06-29 10:59:16.048 DEBUG 20992 --- [http-nio-8080-exec-7] o.s.orm.jpa.JpaTransactionManager        : Initiating transaction commit
2022-06-29 10:59:16.048 DEBUG 20992 --- [http-nio-8080-exec-7] o.s.orm.jpa.JpaTransactionManager        : Committing JPA transaction on EntityManager [SessionImpl(1043372313<open>)]
2022-06-29 10:59:16.049 DEBUG 20992 --- [http-nio-8080-exec-7] o.s.orm.jpa.JpaTransactionManager        : Not closing pre-bound JPA EntityManager after transaction
2022-06-29 10:59:16.049 DEBUG 20992 --- [http-nio-8080-exec-7] org.hibernate.SQL                        : SELECT * FROM users where email=? LIMIT 1
2022-06-29 10:59:16.050 DEBUG 20992 --- [http-nio-8080-exec-7] org.hibernate.SQL                        : select flights0_.user_id as user_id1_2_0_, flights0_.flights_flight_number as flights_2_2_0_, flight1_.flight_number as flight_n1_0_1_, flight1_.airline_name as airline_2_0_1_, flight1_.arrival_airport as arrival_3_0_1_, flight1_.arrival_estimated as arrival_4_0_1_, flight1_.arrival_scheduled as arrival_5_0_1_, flight1_.arrival_timezone as arrival_6_0_1_, flight1_.departure_airport as departur7_0_1_, flight1_.departure_estimated as departur8_0_1_, flight1_.departure_scheduled as departur9_0_1_, flight1_.departure_timezone as departu10_0_1_, flight1_.flight_date as flight_11_0_1_, flight1_.flight_status as flight_12_0_1_ from users_flights flights0_ inner join flights flight1_ on flights0_.flights_flight_number=flight1_.flight_number where flights0_.user_id=?
2022-06-29 10:59:16.051 DEBUG 20992 --- [http-nio-8080-exec-7] org.hibernate.SQL                        : SELECT * FROM users where email=? LIMIT 1
2022-06-29 10:59:16.057 DEBUG 20992 --- [http-nio-8080-exec-7] o.j.s.OpenEntityManagerInViewInterceptor : Closing JPA EntityManager in OpenEntityManagerInViewInterceptor
2022-06-29 10:59:16.084 DEBUG 20992 --- [http-nio-8080-exec-5] o.j.s.OpenEntityManagerInViewInterceptor : Opening JPA EntityManager in OpenEntityManagerInViewInterceptor
2022-06-29 10:59:16.084 DEBUG 20992 --- [http-nio-8080-exec-9] o.j.s.OpenEntityManagerInViewInterceptor : Opening JPA EntityManager in OpenEntityManagerInViewInterceptor
2022-06-29 10:59:16.086 DEBUG 20992 --- [http-nio-8080-exec-9] o.j.s.OpenEntityManagerInViewInterceptor : Closing JPA EntityManager in OpenEntityManagerInViewInterceptor
2022-06-29 10:59:16.089 DEBUG 20992 --- [http-nio-8080-exec-9] o.j.s.OpenEntityManagerInViewInterceptor : Opening JPA EntityManager in OpenEntityManagerInViewInterceptor
2022-06-29 10:59:16.092 DEBUG 20992 --- [http-nio-8080-exec-5] o.j.s.OpenEntityManagerInViewInterceptor : Closing JPA EntityManager in OpenEntityManagerInViewInterceptor
2022-06-29 10:59:16.092 DEBUG 20992 --- [http-nio-8080-exec-9] o.j.s.OpenEntityManagerInViewInterceptor : Closing JPA EntityManager in OpenEntityManagerInViewInterceptor
2022-06-29 10:59:16.144 DEBUG 20992 --- [http-nio-8080-exec-8] o.j.s.OpenEntityManagerInViewInterceptor : Opening JPA EntityManager in OpenEntityManagerInViewInterceptor
2022-06-29 10:59:16.145 DEBUG 20992 --- [http-nio-8080-exec-8] o.j.s.OpenEntityManagerInViewInterceptor : Closing JPA EntityManager in OpenEntityManagerInViewInterceptor
2022-06-29 10:59:16.146 DEBUG 20992 --- [http-nio-8080-exec-8] o.j.s.OpenEntityManagerInViewInterceptor : Opening JPA EntityManager in OpenEntityManagerInViewInterceptor
2022-06-29 10:59:16.147 DEBUG 20992 --- [http-nio-8080-exec-8] o.j.s.OpenEntityManagerInViewInterceptor : Closing JPA EntityManager in OpenEntityManagerInViewInterceptor
2022-06-29 10:59:16.783 DEBUG 20992 --- [http-nio-8080-exec-10] o.j.s.OpenEntityManagerInViewInterceptor : Opening JPA EntityManager in OpenEntityManagerInViewInterceptor
2022-06-29 10:59:16.784 DEBUG 20992 --- [http-nio-8080-exec-10] org.hibernate.SQL                        : SELECT * FROM users where email=? LIMIT 1
2022-06-29 10:59:16.788 DEBUG 20992 --- [http-nio-8080-exec-10] org.hibernate.SQL                        : select flights0_.user_id as user_id1_2_0_, flights0_.flights_flight_number as flights_2_2_0_, flight1_.flight_number as flight_n1_0_1_, flight1_.airline_name as airline_2_0_1_, flight1_.arrival_airport as arrival_3_0_1_, flight1_.arrival_estimated as arrival_4_0_1_, flight1_.arrival_scheduled as arrival_5_0_1_, flight1_.arrival_timezone as arrival_6_0_1_, flight1_.departure_airport as departur7_0_1_, flight1_.departure_estimated as departur8_0_1_, flight1_.departure_scheduled as departur9_0_1_, flight1_.departure_timezone as departu10_0_1_, flight1_.flight_date as flight_11_0_1_, flight1_.flight_status as flight_12_0_1_ from users_flights flights0_ inner join flights flight1_ on flights0_.flights_flight_number=flight1_.flight_number where flights0_.user_id=?
2022-06-29 10:59:16.791 DEBUG 20992 --- [http-nio-8080-exec-10] o.j.s.OpenEntityManagerInViewInterceptor : Closing JPA EntityManager in OpenEntityManagerInViewInterceptor
2022-06-29 10:59:16.817 DEBUG 20992 --- [http-nio-8080-exec-3] o.j.s.OpenEntityManagerInViewInterceptor : Opening JPA EntityManager in OpenEntityManagerInViewInterceptor
2022-06-29 10:59:16.817 DEBUG 20992 --- [http-nio-8080-exec-1] o.j.s.OpenEntityManagerInViewInterceptor : Opening JPA EntityManager in OpenEntityManagerInViewInterceptor
2022-06-29 10:59:16.818 DEBUG 20992 --- [http-nio-8080-exec-3] o.j.s.OpenEntityManagerInViewInterceptor : Closing JPA EntityManager in OpenEntityManagerInViewInterceptor
2022-06-29 10:59:16.820 DEBUG 20992 --- [http-nio-8080-exec-3] o.j.s.OpenEntityManagerInViewInterceptor : Opening JPA EntityManager in OpenEntityManagerInViewInterceptor
2022-06-29 10:59:16.822 DEBUG 20992 --- [http-nio-8080-exec-1] o.j.s.OpenEntityManagerInViewInterceptor : Closing JPA EntityManager in OpenEntityManagerInViewInterceptor
2022-06-29 10:59:16.824 DEBUG 20992 --- [http-nio-8080-exec-3] o.j.s.OpenEntityManagerInViewInterceptor : Closing JPA EntityManager in OpenEntityManagerInViewInterceptor
2022-06-29 10:59:16.869 DEBUG 20992 --- [http-nio-8080-exec-4] o.j.s.OpenEntityManagerInViewInterceptor : Opening JPA EntityManager in OpenEntityManagerInViewInterceptor
2022-06-29 10:59:16.870 DEBUG 20992 --- [http-nio-8080-exec-4] o.j.s.OpenEntityManagerInViewInterceptor : Closing JPA EntityManager in OpenEntityManagerInViewInterceptor
2022-06-29 10:59:16.871 DEBUG 20992 --- [http-nio-8080-exec-4] o.j.s.OpenEntityManagerInViewInterceptor : Opening JPA EntityManager in OpenEntityManagerInViewInterceptor
2022-06-29 10:59:16.873 DEBUG 20992 --- [http-nio-8080-exec-4] o.j.s.OpenEntityManagerInViewInterceptor : Closing JPA EntityManager in OpenEntityManagerInViewInterceptor
2022-06-29 10:59:34.382  INFO 20992 --- [RMI TCP Connection(4)-127.0.0.1] inMXBeanRegistrar$SpringApplicationAdmin : Application shutdown requested.
2022-06-29 10:59:34.434  INFO 20992 --- [RMI TCP Connection(4)-127.0.0.1] j.LocalContainerEntityManagerFactoryBean : Closing JPA EntityManagerFactory for persistence unit 'default'
2022-06-29 10:59:34.437  INFO 20992 --- [RMI TCP Connection(4)-127.0.0.1] com.zaxxer.hikari.HikariDataSource       : HikariPool-1 - Shutdown initiated...
2022-06-29 10:59:34.440  INFO 20992 --- [RMI TCP Connection(4)-127.0.0.1] com.zaxxer.hikari.HikariDataSource       : HikariPool-1 - Shutdown completed.
2022-06-29 11:06:32.390  INFO 2296 --- [restartedMain] c.e.f.FlightManagementApplication        : Starting FlightManagementApplication using Java 17.0.1 on LAPTOP-IK5A7E90 with PID 2296 (C:\Users\xiees\Documents\Xie_Ester_BonVoyage_CaseStudy\target\classes started by xiees in C:\Users\xiees\Documents\Xie_Ester_BonVoyage_CaseStudy)
2022-06-29 11:06:32.392  INFO 2296 --- [restartedMain] c.e.f.FlightManagementApplication        : No active profile set, falling back to 1 default profile: "default"
2022-06-29 11:06:32.451  INFO 2296 --- [restartedMain] .e.DevToolsPropertyDefaultsPostProcessor : Devtools property defaults active! Set 'spring.devtools.add-properties' to 'false' to disable
2022-06-29 11:06:32.451  INFO 2296 --- [restartedMain] .e.DevToolsPropertyDefaultsPostProcessor : For additional web related logging consider setting the 'logging.level.web' property to 'DEBUG'
2022-06-29 11:06:33.178  INFO 2296 --- [restartedMain] .s.d.r.c.RepositoryConfigurationDelegate : Bootstrapping Spring Data JPA repositories in DEFAULT mode.
2022-06-29 11:06:33.234  INFO 2296 --- [restartedMain] .s.d.r.c.RepositoryConfigurationDelegate : Finished Spring Data repository scanning in 50 ms. Found 2 JPA repository interfaces.
2022-06-29 11:06:33.572  INFO 2296 --- [restartedMain] trationDelegate$BeanPostProcessorChecker : Bean 'org.springframework.security.access.expression.method.DefaultMethodSecurityExpressionHandler@6cafbc08' of type [org.springframework.security.access.expression.method.DefaultMethodSecurityExpressionHandler] is not eligible for getting processed by all BeanPostProcessors (for example: not eligible for auto-proxying)
2022-06-29 11:06:33.576  INFO 2296 --- [restartedMain] trationDelegate$BeanPostProcessorChecker : Bean 'methodSecurityMetadataSource' of type [org.springframework.security.access.method.DelegatingMethodSecurityMetadataSource] is not eligible for getting processed by all BeanPostProcessors (for example: not eligible for auto-proxying)
2022-06-29 11:06:33.867  INFO 2296 --- [restartedMain] o.s.b.w.embedded.tomcat.TomcatWebServer  : Tomcat initialized with port(s): 8080 (http)
2022-06-29 11:06:33.875  INFO 2296 --- [restartedMain] o.apache.catalina.core.StandardService   : Starting service [Tomcat]
2022-06-29 11:06:33.876  INFO 2296 --- [restartedMain] org.apache.catalina.core.StandardEngine  : Starting Servlet engine: [Apache Tomcat/9.0.60]
2022-06-29 11:06:33.995  INFO 2296 --- [restartedMain] o.a.c.c.C.[Tomcat].[localhost].[/]       : Initializing Spring embedded WebApplicationContext
2022-06-29 11:06:33.995  INFO 2296 --- [restartedMain] w.s.c.ServletWebServerApplicationContext : Root WebApplicationContext: initialization completed in 1543 ms
2022-06-29 11:06:34.143 DEBUG 2296 --- [restartedMain] j.LocalContainerEntityManagerFactoryBean : Building JPA container EntityManagerFactory for persistence unit 'default'
2022-06-29 11:06:34.159  INFO 2296 --- [restartedMain] o.hibernate.jpa.internal.util.LogHelper  : HHH000204: Processing PersistenceUnitInfo [name: default]
2022-06-29 11:06:34.217  INFO 2296 --- [restartedMain] org.hibernate.Version                    : HHH000412: Hibernate ORM core version 5.4.33
2022-06-29 11:06:34.338  INFO 2296 --- [restartedMain] o.hibernate.annotations.common.Version   : HCANN000001: Hibernate Commons Annotations {5.1.2.Final}
2022-06-29 11:06:34.436  INFO 2296 --- [restartedMain] com.zaxxer.hikari.HikariDataSource       : HikariPool-1 - Starting...
2022-06-29 11:06:34.506  INFO 2296 --- [restartedMain] com.zaxxer.hikari.HikariDataSource       : HikariPool-1 - Start completed.
2022-06-29 11:06:34.522  INFO 2296 --- [restartedMain] org.hibernate.dialect.Dialect            : HHH000400: Using dialect: org.hibernate.dialect.MariaDB102Dialect
2022-06-29 11:06:35.213  INFO 2296 --- [restartedMain] o.h.e.t.j.p.i.JtaPlatformInitiator       : HHH000490: Using JtaPlatform implementation: [org.hibernate.engine.transaction.jta.platform.internal.NoJtaPlatform]
2022-06-29 11:06:35.221  INFO 2296 --- [restartedMain] j.LocalContainerEntityManagerFactoryBean : Initialized JPA EntityManagerFactory for persistence unit 'default'
2022-06-29 11:06:35.274  WARN 2296 --- [restartedMain] JpaBaseConfiguration$JpaWebConfiguration : spring.jpa.open-in-view is enabled by default. Therefore, database queries may be performed during view rendering. Explicitly configure spring.jpa.open-in-view to disable this warning
2022-06-29 11:06:35.378 DEBUG 2296 --- [restartedMain] tor$SharedEntityManagerInvocationHandler : Creating new EntityManager for shared EntityManager invocation
2022-06-29 11:06:35.426 DEBUG 2296 --- [restartedMain] tor$SharedEntityManagerInvocationHandler : Creating new EntityManager for shared EntityManager invocation
2022-06-29 11:06:35.487 DEBUG 2296 --- [restartedMain] tor$SharedEntityManagerInvocationHandler : Creating new EntityManager for shared EntityManager invocation
2022-06-29 11:06:35.555 DEBUG 2296 --- [restartedMain] tor$SharedEntityManagerInvocationHandler : Creating new EntityManager for shared EntityManager invocation
2022-06-29 11:06:35.559 DEBUG 2296 --- [restartedMain] tor$SharedEntityManagerInvocationHandler : Creating new EntityManager for shared EntityManager invocation
2022-06-29 11:06:35.579 DEBUG 2296 --- [restartedMain] tor$SharedEntityManagerInvocationHandler : Creating new EntityManager for shared EntityManager invocation
2022-06-29 11:06:35.580 DEBUG 2296 --- [restartedMain] tor$SharedEntityManagerInvocationHandler : Creating new EntityManager for shared EntityManager invocation
2022-06-29 11:06:35.602 DEBUG 2296 --- [restartedMain] tor$SharedEntityManagerInvocationHandler : Creating new EntityManager for shared EntityManager invocation
2022-06-29 11:06:35.603 DEBUG 2296 --- [restartedMain] tor$SharedEntityManagerInvocationHandler : Creating new EntityManager for shared EntityManager invocation
2022-06-29 11:06:35.606 DEBUG 2296 --- [restartedMain] tor$SharedEntityManagerInvocationHandler : Creating new EntityManager for shared EntityManager invocation
2022-06-29 11:06:35.607 DEBUG 2296 --- [restartedMain] tor$SharedEntityManagerInvocationHandler : Creating new EntityManager for shared EntityManager invocation
2022-06-29 11:06:35.610 DEBUG 2296 --- [restartedMain] tor$SharedEntityManagerInvocationHandler : Creating new EntityManager for shared EntityManager invocation
2022-06-29 11:06:35.644 DEBUG 2296 --- [restartedMain] tor$SharedEntityManagerInvocationHandler : Creating new EntityManager for shared EntityManager invocation
2022-06-29 11:06:35.781  WARN 2296 --- [restartedMain] o.s.s.c.a.web.builders.WebSecurity       : You are asking Spring Security to ignore Ant [pattern='/populateNewFlights/**']. This is not recommended -- please use permitAll via HttpSecurity#authorizeHttpRequests instead.
2022-06-29 11:06:35.785  INFO 2296 --- [restartedMain] o.s.s.web.DefaultSecurityFilterChain     : Will secure Ant [pattern='/populateNewFlights/**'] with []
2022-06-29 11:06:35.785  WARN 2296 --- [restartedMain] o.s.s.c.a.web.builders.WebSecurity       : You are asking Spring Security to ignore Ant [pattern='/resources/**']. This is not recommended -- please use permitAll via HttpSecurity#authorizeHttpRequests instead.
2022-06-29 11:06:35.786  INFO 2296 --- [restartedMain] o.s.s.web.DefaultSecurityFilterChain     : Will secure Ant [pattern='/resources/**'] with []
2022-06-29 11:06:35.786  WARN 2296 --- [restartedMain] o.s.s.c.a.web.builders.WebSecurity       : You are asking Spring Security to ignore Ant [pattern='/static/**']. This is not recommended -- please use permitAll via HttpSecurity#authorizeHttpRequests instead.
2022-06-29 11:06:35.786  INFO 2296 --- [restartedMain] o.s.s.web.DefaultSecurityFilterChain     : Will secure Ant [pattern='/static/**'] with []
2022-06-29 11:06:35.786  WARN 2296 --- [restartedMain] o.s.s.c.a.web.builders.WebSecurity       : You are asking Spring Security to ignore Ant [pattern='/home']. This is not recommended -- please use permitAll via HttpSecurity#authorizeHttpRequests instead.
2022-06-29 11:06:35.786  INFO 2296 --- [restartedMain] o.s.s.web.DefaultSecurityFilterChain     : Will secure Ant [pattern='/home'] with []
2022-06-29 11:06:35.824  INFO 2296 --- [restartedMain] o.s.s.web.DefaultSecurityFilterChain     : Will not secure any request
2022-06-29 11:06:36.251  INFO 2296 --- [restartedMain] o.s.b.d.a.OptionalLiveReloadServer       : LiveReload server is running on port 35729
2022-06-29 11:06:36.295  INFO 2296 --- [restartedMain] o.s.b.w.embedded.tomcat.TomcatWebServer  : Tomcat started on port(s): 8080 (http) with context path ''
2022-06-29 11:06:36.305  INFO 2296 --- [restartedMain] c.e.f.FlightManagementApplication        : Started FlightManagementApplication in 4.356 seconds (JVM running for 5.128)
2022-06-29 11:06:36.313 DEBUG 2296 --- [restartedMain] tor$SharedEntityManagerInvocationHandler : Creating new EntityManager for shared EntityManager invocation
2022-06-29 11:06:36.370 DEBUG 2296 --- [restartedMain] org.hibernate.SQL                        : SELECT * FROM users where email=? LIMIT 1
2022-06-29 11:06:38.082  INFO 2296 --- [http-nio-8080-exec-1] o.a.c.c.C.[Tomcat].[localhost].[/]       : Initializing Spring DispatcherServlet 'dispatcherServlet'
2022-06-29 11:06:38.082  INFO 2296 --- [http-nio-8080-exec-1] o.s.web.servlet.DispatcherServlet        : Initializing Servlet 'dispatcherServlet'
2022-06-29 11:06:38.083  INFO 2296 --- [http-nio-8080-exec-1] o.s.web.servlet.DispatcherServlet        : Completed initialization in 1 ms
2022-06-29 11:06:38.111 DEBUG 2296 --- [http-nio-8080-exec-1] o.j.s.OpenEntityManagerInViewInterceptor : Opening JPA EntityManager in OpenEntityManagerInViewInterceptor
2022-06-29 11:06:38.397 DEBUG 2296 --- [http-nio-8080-exec-1] o.j.s.OpenEntityManagerInViewInterceptor : Closing JPA EntityManager in OpenEntityManagerInViewInterceptor
2022-06-29 11:06:38.434 DEBUG 2296 --- [http-nio-8080-exec-4] o.j.s.OpenEntityManagerInViewInterceptor : Opening JPA EntityManager in OpenEntityManagerInViewInterceptor
2022-06-29 11:06:38.434 DEBUG 2296 --- [http-nio-8080-exec-3] o.j.s.OpenEntityManagerInViewInterceptor : Opening JPA EntityManager in OpenEntityManagerInViewInterceptor
2022-06-29 11:06:38.434 DEBUG 2296 --- [http-nio-8080-exec-2] o.j.s.OpenEntityManagerInViewInterceptor : Opening JPA EntityManager in OpenEntityManagerInViewInterceptor
2022-06-29 11:06:38.450 DEBUG 2296 --- [http-nio-8080-exec-2] o.j.s.OpenEntityManagerInViewInterceptor : Closing JPA EntityManager in OpenEntityManagerInViewInterceptor
2022-06-29 11:06:38.450 DEBUG 2296 --- [http-nio-8080-exec-4] o.j.s.OpenEntityManagerInViewInterceptor : Closing JPA EntityManager in OpenEntityManagerInViewInterceptor
2022-06-29 11:06:38.450 DEBUG 2296 --- [http-nio-8080-exec-3] o.j.s.OpenEntityManagerInViewInterceptor : Closing JPA EntityManager in OpenEntityManagerInViewInterceptor
2022-06-29 11:06:38.491 DEBUG 2296 --- [http-nio-8080-exec-5] o.j.s.OpenEntityManagerInViewInterceptor : Opening JPA EntityManager in OpenEntityManagerInViewInterceptor
2022-06-29 11:06:38.493 DEBUG 2296 --- [http-nio-8080-exec-6] o.j.s.OpenEntityManagerInViewInterceptor : Opening JPA EntityManager in OpenEntityManagerInViewInterceptor
2022-06-29 11:06:38.496 DEBUG 2296 --- [http-nio-8080-exec-5] o.j.s.OpenEntityManagerInViewInterceptor : Closing JPA EntityManager in OpenEntityManagerInViewInterceptor
2022-06-29 11:06:38.501 DEBUG 2296 --- [http-nio-8080-exec-6] o.j.s.OpenEntityManagerInViewInterceptor : Closing JPA EntityManager in OpenEntityManagerInViewInterceptor
2022-06-29 11:06:38.857 DEBUG 2296 --- [http-nio-8080-exec-7] o.j.s.OpenEntityManagerInViewInterceptor : Opening JPA EntityManager in OpenEntityManagerInViewInterceptor
2022-06-29 11:06:38.867 DEBUG 2296 --- [http-nio-8080-exec-7] o.j.s.OpenEntityManagerInViewInterceptor : Closing JPA EntityManager in OpenEntityManagerInViewInterceptor
2022-06-29 11:06:38.891 DEBUG 2296 --- [http-nio-8080-exec-8] o.j.s.OpenEntityManagerInViewInterceptor : Opening JPA EntityManager in OpenEntityManagerInViewInterceptor
2022-06-29 11:06:38.894 DEBUG 2296 --- [http-nio-8080-exec-9] o.j.s.OpenEntityManagerInViewInterceptor : Opening JPA EntityManager in OpenEntityManagerInViewInterceptor
2022-06-29 11:06:38.896 DEBUG 2296 --- [http-nio-8080-exec-8] o.j.s.OpenEntityManagerInViewInterceptor : Closing JPA EntityManager in OpenEntityManagerInViewInterceptor
2022-06-29 11:06:38.899 DEBUG 2296 --- [http-nio-8080-exec-9] o.j.s.OpenEntityManagerInViewInterceptor : Closing JPA EntityManager in OpenEntityManagerInViewInterceptor
2022-06-29 11:06:38.925 DEBUG 2296 --- [http-nio-8080-exec-10] o.j.s.OpenEntityManagerInViewInterceptor : Opening JPA EntityManager in OpenEntityManagerInViewInterceptor
2022-06-29 11:06:38.926 DEBUG 2296 --- [http-nio-8080-exec-1] o.j.s.OpenEntityManagerInViewInterceptor : Opening JPA EntityManager in OpenEntityManagerInViewInterceptor
2022-06-29 11:06:38.928 DEBUG 2296 --- [http-nio-8080-exec-4] o.j.s.OpenEntityManagerInViewInterceptor : Opening JPA EntityManager in OpenEntityManagerInViewInterceptor
2022-06-29 11:06:38.929 DEBUG 2296 --- [http-nio-8080-exec-2] o.j.s.OpenEntityManagerInViewInterceptor : Opening JPA EntityManager in OpenEntityManagerInViewInterceptor
2022-06-29 11:06:38.930 DEBUG 2296 --- [http-nio-8080-exec-3] o.j.s.OpenEntityManagerInViewInterceptor : Opening JPA EntityManager in OpenEntityManagerInViewInterceptor
2022-06-29 11:06:38.931 DEBUG 2296 --- [http-nio-8080-exec-10] o.j.s.OpenEntityManagerInViewInterceptor : Closing JPA EntityManager in OpenEntityManagerInViewInterceptor
2022-06-29 11:06:38.933 DEBUG 2296 --- [http-nio-8080-exec-5] o.j.s.OpenEntityManagerInViewInterceptor : Opening JPA EntityManager in OpenEntityManagerInViewInterceptor
2022-06-29 11:06:38.935 DEBUG 2296 --- [http-nio-8080-exec-4] o.j.s.OpenEntityManagerInViewInterceptor : Closing JPA EntityManager in OpenEntityManagerInViewInterceptor
2022-06-29 11:06:38.937 DEBUG 2296 --- [http-nio-8080-exec-2] o.j.s.OpenEntityManagerInViewInterceptor : Closing JPA EntityManager in OpenEntityManagerInViewInterceptor
2022-06-29 11:06:38.947 DEBUG 2296 --- [http-nio-8080-exec-1] o.j.s.OpenEntityManagerInViewInterceptor : Closing JPA EntityManager in OpenEntityManagerInViewInterceptor
2022-06-29 11:06:38.951 DEBUG 2296 --- [http-nio-8080-exec-5] o.j.s.OpenEntityManagerInViewInterceptor : Closing JPA EntityManager in OpenEntityManagerInViewInterceptor
2022-06-29 11:06:38.959 DEBUG 2296 --- [http-nio-8080-exec-3] o.j.s.OpenEntityManagerInViewInterceptor : Closing JPA EntityManager in OpenEntityManagerInViewInterceptor
2022-06-29 11:06:39.313 DEBUG 2296 --- [http-nio-8080-exec-6] o.j.s.OpenEntityManagerInViewInterceptor : Opening JPA EntityManager in OpenEntityManagerInViewInterceptor
2022-06-29 11:06:39.324 DEBUG 2296 --- [http-nio-8080-exec-6] o.j.s.OpenEntityManagerInViewInterceptor : Closing JPA EntityManager in OpenEntityManagerInViewInterceptor
2022-06-29 11:06:39.352 DEBUG 2296 --- [http-nio-8080-exec-7] o.j.s.OpenEntityManagerInViewInterceptor : Opening JPA EntityManager in OpenEntityManagerInViewInterceptor
2022-06-29 11:06:39.352 DEBUG 2296 --- [http-nio-8080-exec-9] o.j.s.OpenEntityManagerInViewInterceptor : Opening JPA EntityManager in OpenEntityManagerInViewInterceptor
2022-06-29 11:06:39.352 DEBUG 2296 --- [http-nio-8080-exec-8] o.j.s.OpenEntityManagerInViewInterceptor : Opening JPA EntityManager in OpenEntityManagerInViewInterceptor
2022-06-29 11:06:39.357 DEBUG 2296 --- [http-nio-8080-exec-7] o.j.s.OpenEntityManagerInViewInterceptor : Closing JPA EntityManager in OpenEntityManagerInViewInterceptor
2022-06-29 11:06:39.358 DEBUG 2296 --- [http-nio-8080-exec-8] o.j.s.OpenEntityManagerInViewInterceptor : Closing JPA EntityManager in OpenEntityManagerInViewInterceptor
2022-06-29 11:06:39.361 DEBUG 2296 --- [http-nio-8080-exec-9] o.j.s.OpenEntityManagerInViewInterceptor : Closing JPA EntityManager in OpenEntityManagerInViewInterceptor
2022-06-29 11:06:39.385 DEBUG 2296 --- [http-nio-8080-exec-10] o.j.s.OpenEntityManagerInViewInterceptor : Opening JPA EntityManager in OpenEntityManagerInViewInterceptor
2022-06-29 11:06:39.387 DEBUG 2296 --- [http-nio-8080-exec-4] o.j.s.OpenEntityManagerInViewInterceptor : Opening JPA EntityManager in OpenEntityManagerInViewInterceptor
2022-06-29 11:06:39.390 DEBUG 2296 --- [http-nio-8080-exec-10] o.j.s.OpenEntityManagerInViewInterceptor : Closing JPA EntityManager in OpenEntityManagerInViewInterceptor
2022-06-29 11:06:39.392 DEBUG 2296 --- [http-nio-8080-exec-4] o.j.s.OpenEntityManagerInViewInterceptor : Closing JPA EntityManager in OpenEntityManagerInViewInterceptor
2022-06-29 11:06:39.680 DEBUG 2296 --- [http-nio-8080-exec-2] o.j.s.OpenEntityManagerInViewInterceptor : Opening JPA EntityManager in OpenEntityManagerInViewInterceptor
2022-06-29 11:06:39.685 DEBUG 2296 --- [http-nio-8080-exec-2] org.hibernate.SQL                        : SELECT * FROM flights order by departure_estimated desc
2022-06-29 11:06:39.850 DEBUG 2296 --- [http-nio-8080-exec-1] o.j.s.OpenEntityManagerInViewInterceptor : Opening JPA EntityManager in OpenEntityManagerInViewInterceptor
2022-06-29 11:06:39.853 DEBUG 2296 --- [http-nio-8080-exec-1] o.j.s.OpenEntityManagerInViewInterceptor : Closing JPA EntityManager in OpenEntityManagerInViewInterceptor
2022-06-29 11:06:39.859 DEBUG 2296 --- [http-nio-8080-exec-1] o.j.s.OpenEntityManagerInViewInterceptor : Opening JPA EntityManager in OpenEntityManagerInViewInterceptor
2022-06-29 11:06:39.865 DEBUG 2296 --- [http-nio-8080-exec-1] o.j.s.OpenEntityManagerInViewInterceptor : Closing JPA EntityManager in OpenEntityManagerInViewInterceptor
2022-06-29 11:06:39.875 DEBUG 2296 --- [http-nio-8080-exec-1] o.j.s.OpenEntityManagerInViewInterceptor : Opening JPA EntityManager in OpenEntityManagerInViewInterceptor
2022-06-29 11:06:39.964 DEBUG 2296 --- [http-nio-8080-exec-1] o.j.s.OpenEntityManagerInViewInterceptor : Closing JPA EntityManager in OpenEntityManagerInViewInterceptor
2022-06-29 11:06:40.019 DEBUG 2296 --- [http-nio-8080-exec-2] o.j.s.OpenEntityManagerInViewInterceptor : Closing JPA EntityManager in OpenEntityManagerInViewInterceptor
2022-06-29 11:06:40.843 DEBUG 2296 --- [http-nio-8080-exec-3] o.j.s.OpenEntityManagerInViewInterceptor : Opening JPA EntityManager in OpenEntityManagerInViewInterceptor
2022-06-29 11:06:40.849 DEBUG 2296 --- [http-nio-8080-exec-3] o.j.s.OpenEntityManagerInViewInterceptor : Closing JPA EntityManager in OpenEntityManagerInViewInterceptor
2022-06-29 11:06:40.877 DEBUG 2296 --- [http-nio-8080-exec-8] o.j.s.OpenEntityManagerInViewInterceptor : Opening JPA EntityManager in OpenEntityManagerInViewInterceptor
2022-06-29 11:06:40.877 DEBUG 2296 --- [http-nio-8080-exec-6] o.j.s.OpenEntityManagerInViewInterceptor : Opening JPA EntityManager in OpenEntityManagerInViewInterceptor
2022-06-29 11:06:40.879 DEBUG 2296 --- [http-nio-8080-exec-7] o.j.s.OpenEntityManagerInViewInterceptor : Opening JPA EntityManager in OpenEntityManagerInViewInterceptor
2022-06-29 11:06:40.881 DEBUG 2296 --- [http-nio-8080-exec-8] o.j.s.OpenEntityManagerInViewInterceptor : Closing JPA EntityManager in OpenEntityManagerInViewInterceptor
2022-06-29 11:06:40.881 DEBUG 2296 --- [http-nio-8080-exec-6] o.j.s.OpenEntityManagerInViewInterceptor : Closing JPA EntityManager in OpenEntityManagerInViewInterceptor
2022-06-29 11:06:40.884 DEBUG 2296 --- [http-nio-8080-exec-7] o.j.s.OpenEntityManagerInViewInterceptor : Closing JPA EntityManager in OpenEntityManagerInViewInterceptor
2022-06-29 11:06:40.906 DEBUG 2296 --- [http-nio-8080-exec-10] o.j.s.OpenEntityManagerInViewInterceptor : Opening JPA EntityManager in OpenEntityManagerInViewInterceptor
2022-06-29 11:06:40.906 DEBUG 2296 --- [http-nio-8080-exec-9] o.j.s.OpenEntityManagerInViewInterceptor : Opening JPA EntityManager in OpenEntityManagerInViewInterceptor
2022-06-29 11:06:40.909 DEBUG 2296 --- [http-nio-8080-exec-10] o.j.s.OpenEntityManagerInViewInterceptor : Closing JPA EntityManager in OpenEntityManagerInViewInterceptor
2022-06-29 11:06:40.909 DEBUG 2296 --- [http-nio-8080-exec-9] o.j.s.OpenEntityManagerInViewInterceptor : Closing JPA EntityManager in OpenEntityManagerInViewInterceptor
2022-06-29 11:06:42.103 DEBUG 2296 --- [http-nio-8080-exec-4] o.j.s.OpenEntityManagerInViewInterceptor : Opening JPA EntityManager in OpenEntityManagerInViewInterceptor
2022-06-29 11:06:42.108 DEBUG 2296 --- [http-nio-8080-exec-4] o.j.s.OpenEntityManagerInViewInterceptor : Closing JPA EntityManager in OpenEntityManagerInViewInterceptor
2022-06-29 11:06:42.135 DEBUG 2296 --- [http-nio-8080-exec-5] o.j.s.OpenEntityManagerInViewInterceptor : Opening JPA EntityManager in OpenEntityManagerInViewInterceptor
2022-06-29 11:06:42.135 DEBUG 2296 --- [http-nio-8080-exec-2] o.j.s.OpenEntityManagerInViewInterceptor : Opening JPA EntityManager in OpenEntityManagerInViewInterceptor
2022-06-29 11:06:42.135 DEBUG 2296 --- [http-nio-8080-exec-1] o.j.s.OpenEntityManagerInViewInterceptor : Opening JPA EntityManager in OpenEntityManagerInViewInterceptor
2022-06-29 11:06:42.139 DEBUG 2296 --- [http-nio-8080-exec-5] o.j.s.OpenEntityManagerInViewInterceptor : Closing JPA EntityManager in OpenEntityManagerInViewInterceptor
2022-06-29 11:06:42.140 DEBUG 2296 --- [http-nio-8080-exec-1] o.j.s.OpenEntityManagerInViewInterceptor : Closing JPA EntityManager in OpenEntityManagerInViewInterceptor
2022-06-29 11:06:42.139 DEBUG 2296 --- [http-nio-8080-exec-2] o.j.s.OpenEntityManagerInViewInterceptor : Closing JPA EntityManager in OpenEntityManagerInViewInterceptor
2022-06-29 11:06:42.167 DEBUG 2296 --- [http-nio-8080-exec-6] o.j.s.OpenEntityManagerInViewInterceptor : Opening JPA EntityManager in OpenEntityManagerInViewInterceptor
2022-06-29 11:06:42.167 DEBUG 2296 --- [http-nio-8080-exec-3] o.j.s.OpenEntityManagerInViewInterceptor : Opening JPA EntityManager in OpenEntityManagerInViewInterceptor
2022-06-29 11:06:42.171 DEBUG 2296 --- [http-nio-8080-exec-3] o.j.s.OpenEntityManagerInViewInterceptor : Closing JPA EntityManager in OpenEntityManagerInViewInterceptor
2022-06-29 11:06:42.171 DEBUG 2296 --- [http-nio-8080-exec-6] o.j.s.OpenEntityManagerInViewInterceptor : Closing JPA EntityManager in OpenEntityManagerInViewInterceptor
2022-06-29 11:06:45.913  INFO 2296 --- [RMI TCP Connection(2)-127.0.0.1] inMXBeanRegistrar$SpringApplicationAdmin : Application shutdown requested.
2022-06-29 11:06:45.939  INFO 2296 --- [RMI TCP Connection(2)-127.0.0.1] j.LocalContainerEntityManagerFactoryBean : Closing JPA EntityManagerFactory for persistence unit 'default'
2022-06-29 11:06:45.942  INFO 2296 --- [RMI TCP Connection(2)-127.0.0.1] com.zaxxer.hikari.HikariDataSource       : HikariPool-1 - Shutdown initiated...
2022-06-29 11:06:45.945  INFO 2296 --- [RMI TCP Connection(2)-127.0.0.1] com.zaxxer.hikari.HikariDataSource       : HikariPool-1 - Shutdown completed.
