2022-06-27 13:20:43.645  INFO 21840 --- [restartedMain] c.e.f.FlightManagementApplication        : Starting FlightManagementApplication using Java 17.0.1 on LAPTOP-IK5A7E90 with PID 21840 (C:\Users\xiees\Documents\Flight-Management\target\classes started by xiees in C:\Users\xiees\Documents\Flight-Management)
2022-06-27 13:20:43.648  INFO 21840 --- [restartedMain] c.e.f.FlightManagementApplication        : No active profile set, falling back to 1 default profile: "default"
2022-06-27 13:20:43.710  INFO 21840 --- [restartedMain] .e.DevToolsPropertyDefaultsPostProcessor : Devtools property defaults active! Set 'spring.devtools.add-properties' to 'false' to disable
2022-06-27 13:20:43.710  INFO 21840 --- [restartedMain] .e.DevToolsPropertyDefaultsPostProcessor : For additional web related logging consider setting the 'logging.level.web' property to 'DEBUG'
2022-06-27 13:20:44.567  INFO 21840 --- [restartedMain] .s.d.r.c.RepositoryConfigurationDelegate : Bootstrapping Spring Data JPA repositories in DEFAULT mode.
2022-06-27 13:20:44.639  INFO 21840 --- [restartedMain] .s.d.r.c.RepositoryConfigurationDelegate : Finished Spring Data repository scanning in 61 ms. Found 2 JPA repository interfaces.
2022-06-27 13:20:45.042  INFO 21840 --- [restartedMain] trationDelegate$BeanPostProcessorChecker : Bean 'org.springframework.security.access.expression.method.DefaultMethodSecurityExpressionHandler@2d00c9e7' of type [org.springframework.security.access.expression.method.DefaultMethodSecurityExpressionHandler] is not eligible for getting processed by all BeanPostProcessors (for example: not eligible for auto-proxying)
2022-06-27 13:20:45.046  INFO 21840 --- [restartedMain] trationDelegate$BeanPostProcessorChecker : Bean 'methodSecurityMetadataSource' of type [org.springframework.security.access.method.DelegatingMethodSecurityMetadataSource] is not eligible for getting processed by all BeanPostProcessors (for example: not eligible for auto-proxying)
2022-06-27 13:20:45.411  INFO 21840 --- [restartedMain] o.s.b.w.embedded.tomcat.TomcatWebServer  : Tomcat initialized with port(s): 8080 (http)
2022-06-27 13:20:45.420  INFO 21840 --- [restartedMain] o.apache.catalina.core.StandardService   : Starting service [Tomcat]
2022-06-27 13:20:45.420  INFO 21840 --- [restartedMain] org.apache.catalina.core.StandardEngine  : Starting Servlet engine: [Apache Tomcat/9.0.60]
2022-06-27 13:20:45.561  INFO 21840 --- [restartedMain] o.a.c.c.C.[Tomcat].[localhost].[/]       : Initializing Spring embedded WebApplicationContext
2022-06-27 13:20:45.562  INFO 21840 --- [restartedMain] w.s.c.ServletWebServerApplicationContext : Root WebApplicationContext: initialization completed in 1849 ms
2022-06-27 13:20:45.726 DEBUG 21840 --- [restartedMain] j.LocalContainerEntityManagerFactoryBean : Building JPA container EntityManagerFactory for persistence unit 'default'
2022-06-27 13:20:45.744  INFO 21840 --- [restartedMain] o.hibernate.jpa.internal.util.LogHelper  : HHH000204: Processing PersistenceUnitInfo [name: default]
2022-06-27 13:20:45.810  INFO 21840 --- [restartedMain] org.hibernate.Version                    : HHH000412: Hibernate ORM core version 5.4.33
2022-06-27 13:20:45.965  INFO 21840 --- [restartedMain] o.hibernate.annotations.common.Version   : HCANN000001: Hibernate Commons Annotations {5.1.2.Final}
2022-06-27 13:20:46.081  INFO 21840 --- [restartedMain] com.zaxxer.hikari.HikariDataSource       : HikariPool-1 - Starting...
2022-06-27 13:20:46.165  INFO 21840 --- [restartedMain] com.zaxxer.hikari.HikariDataSource       : HikariPool-1 - Start completed.
2022-06-27 13:20:46.184  INFO 21840 --- [restartedMain] org.hibernate.dialect.Dialect            : HHH000400: Using dialect: org.hibernate.dialect.MariaDB102Dialect
2022-06-27 13:20:47.023  INFO 21840 --- [restartedMain] o.h.e.t.j.p.i.JtaPlatformInitiator       : HHH000490: Using JtaPlatform implementation: [org.hibernate.engine.transaction.jta.platform.internal.NoJtaPlatform]
2022-06-27 13:20:47.035  INFO 21840 --- [restartedMain] j.LocalContainerEntityManagerFactoryBean : Initialized JPA EntityManagerFactory for persistence unit 'default'
2022-06-27 13:20:47.103  WARN 21840 --- [restartedMain] JpaBaseConfiguration$JpaWebConfiguration : spring.jpa.open-in-view is enabled by default. Therefore, database queries may be performed during view rendering. Explicitly configure spring.jpa.open-in-view to disable this warning
2022-06-27 13:20:47.235 DEBUG 21840 --- [restartedMain] tor$SharedEntityManagerInvocationHandler : Creating new EntityManager for shared EntityManager invocation
2022-06-27 13:20:47.294 DEBUG 21840 --- [restartedMain] tor$SharedEntityManagerInvocationHandler : Creating new EntityManager for shared EntityManager invocation
2022-06-27 13:20:47.362 DEBUG 21840 --- [restartedMain] tor$SharedEntityManagerInvocationHandler : Creating new EntityManager for shared EntityManager invocation
2022-06-27 13:20:47.431 DEBUG 21840 --- [restartedMain] tor$SharedEntityManagerInvocationHandler : Creating new EntityManager for shared EntityManager invocation
2022-06-27 13:20:47.526 DEBUG 21840 --- [restartedMain] tor$SharedEntityManagerInvocationHandler : Creating new EntityManager for shared EntityManager invocation
2022-06-27 13:20:47.528 DEBUG 21840 --- [restartedMain] tor$SharedEntityManagerInvocationHandler : Creating new EntityManager for shared EntityManager invocation
2022-06-27 13:20:47.557 DEBUG 21840 --- [restartedMain] tor$SharedEntityManagerInvocationHandler : Creating new EntityManager for shared EntityManager invocation
2022-06-27 13:20:47.561 DEBUG 21840 --- [restartedMain] tor$SharedEntityManagerInvocationHandler : Creating new EntityManager for shared EntityManager invocation
2022-06-27 13:20:47.716  WARN 21840 --- [restartedMain] o.s.s.c.a.web.builders.WebSecurity       : You are asking Spring Security to ignore Ant [pattern='/populateNewFlights/**']. This is not recommended -- please use permitAll via HttpSecurity#authorizeHttpRequests instead.
2022-06-27 13:20:47.717  INFO 21840 --- [restartedMain] o.s.s.web.DefaultSecurityFilterChain     : Will secure Ant [pattern='/populateNewFlights/**'] with []
2022-06-27 13:20:47.717  WARN 21840 --- [restartedMain] o.s.s.c.a.web.builders.WebSecurity       : You are asking Spring Security to ignore Ant [pattern='/resources/**']. This is not recommended -- please use permitAll via HttpSecurity#authorizeHttpRequests instead.
2022-06-27 13:20:47.717  INFO 21840 --- [restartedMain] o.s.s.web.DefaultSecurityFilterChain     : Will secure Ant [pattern='/resources/**'] with []
2022-06-27 13:20:47.717  WARN 21840 --- [restartedMain] o.s.s.c.a.web.builders.WebSecurity       : You are asking Spring Security to ignore Ant [pattern='/static/**']. This is not recommended -- please use permitAll via HttpSecurity#authorizeHttpRequests instead.
2022-06-27 13:20:47.717  INFO 21840 --- [restartedMain] o.s.s.web.DefaultSecurityFilterChain     : Will secure Ant [pattern='/static/**'] with []
2022-06-27 13:20:47.718  WARN 21840 --- [restartedMain] o.s.s.c.a.web.builders.WebSecurity       : You are asking Spring Security to ignore Ant [pattern='/game-photos/**']. This is not recommended -- please use permitAll via HttpSecurity#authorizeHttpRequests instead.
2022-06-27 13:20:47.718  INFO 21840 --- [restartedMain] o.s.s.web.DefaultSecurityFilterChain     : Will secure Ant [pattern='/game-photos/**'] with []
2022-06-27 13:20:47.718  WARN 21840 --- [restartedMain] o.s.s.c.a.web.builders.WebSecurity       : You are asking Spring Security to ignore Ant [pattern='/home']. This is not recommended -- please use permitAll via HttpSecurity#authorizeHttpRequests instead.
2022-06-27 13:20:47.718  INFO 21840 --- [restartedMain] o.s.s.web.DefaultSecurityFilterChain     : Will secure Ant [pattern='/home'] with []
2022-06-27 13:20:47.763  INFO 21840 --- [restartedMain] o.s.s.web.DefaultSecurityFilterChain     : Will not secure any request
2022-06-27 13:20:48.248  INFO 21840 --- [restartedMain] o.s.b.d.a.OptionalLiveReloadServer       : LiveReload server is running on port 35729
2022-06-27 13:20:48.297  INFO 21840 --- [restartedMain] o.s.b.w.embedded.tomcat.TomcatWebServer  : Tomcat started on port(s): 8080 (http) with context path ''
2022-06-27 13:20:48.310  INFO 21840 --- [restartedMain] c.e.f.FlightManagementApplication        : Started FlightManagementApplication in 5.145 seconds (JVM running for 5.977)
2022-06-27 13:20:48.317 DEBUG 21840 --- [restartedMain] tor$SharedEntityManagerInvocationHandler : Creating new EntityManager for shared EntityManager invocation
2022-06-27 13:20:48.454 DEBUG 21840 --- [restartedMain] org.hibernate.SQL                        : select user0_.id as id1_1_, user0_.email as email2_1_, user0_.name as name3_1_, user0_.password as password4_1_, user0_.role as role5_1_, user0_.signup_date as signup_d6_1_ from users user0_ where user0_.email=?
2022-06-27 13:20:54.119  INFO 21840 --- [http-nio-8080-exec-1] o.a.c.c.C.[Tomcat].[localhost].[/]       : Initializing Spring DispatcherServlet 'dispatcherServlet'
2022-06-27 13:20:54.120  INFO 21840 --- [http-nio-8080-exec-1] o.s.web.servlet.DispatcherServlet        : Initializing Servlet 'dispatcherServlet'
2022-06-27 13:20:54.122  INFO 21840 --- [http-nio-8080-exec-1] o.s.web.servlet.DispatcherServlet        : Completed initialization in 2 ms
2022-06-27 13:20:54.214 DEBUG 21840 --- [http-nio-8080-exec-2] o.j.s.OpenEntityManagerInViewInterceptor : Opening JPA EntityManager in OpenEntityManagerInViewInterceptor
2022-06-27 13:20:54.543 DEBUG 21840 --- [http-nio-8080-exec-2] o.j.s.OpenEntityManagerInViewInterceptor : Closing JPA EntityManager in OpenEntityManagerInViewInterceptor
2022-06-27 13:20:54.626 DEBUG 21840 --- [http-nio-8080-exec-5] o.j.s.OpenEntityManagerInViewInterceptor : Opening JPA EntityManager in OpenEntityManagerInViewInterceptor
2022-06-27 13:20:54.626 DEBUG 21840 --- [http-nio-8080-exec-3] o.j.s.OpenEntityManagerInViewInterceptor : Opening JPA EntityManager in OpenEntityManagerInViewInterceptor
2022-06-27 13:20:54.626 DEBUG 21840 --- [http-nio-8080-exec-4] o.j.s.OpenEntityManagerInViewInterceptor : Opening JPA EntityManager in OpenEntityManagerInViewInterceptor
2022-06-27 13:20:54.637 DEBUG 21840 --- [http-nio-8080-exec-3] o.j.s.OpenEntityManagerInViewInterceptor : Closing JPA EntityManager in OpenEntityManagerInViewInterceptor
2022-06-27 13:20:54.638 DEBUG 21840 --- [http-nio-8080-exec-5] o.j.s.OpenEntityManagerInViewInterceptor : Closing JPA EntityManager in OpenEntityManagerInViewInterceptor
2022-06-27 13:20:54.638 DEBUG 21840 --- [http-nio-8080-exec-4] o.j.s.OpenEntityManagerInViewInterceptor : Closing JPA EntityManager in OpenEntityManagerInViewInterceptor
2022-06-27 13:20:54.669 DEBUG 21840 --- [http-nio-8080-exec-6] o.j.s.OpenEntityManagerInViewInterceptor : Opening JPA EntityManager in OpenEntityManagerInViewInterceptor
2022-06-27 13:20:54.676 DEBUG 21840 --- [http-nio-8080-exec-6] o.j.s.OpenEntityManagerInViewInterceptor : Closing JPA EntityManager in OpenEntityManagerInViewInterceptor
2022-06-27 13:20:54.684 DEBUG 21840 --- [http-nio-8080-exec-6] o.j.s.OpenEntityManagerInViewInterceptor : Opening JPA EntityManager in OpenEntityManagerInViewInterceptor
2022-06-27 13:20:54.802 DEBUG 21840 --- [http-nio-8080-exec-6] o.j.s.OpenEntityManagerInViewInterceptor : Closing JPA EntityManager in OpenEntityManagerInViewInterceptor
2022-06-27 13:21:00.913 DEBUG 21840 --- [http-nio-8080-exec-7] o.j.s.OpenEntityManagerInViewInterceptor : Opening JPA EntityManager in OpenEntityManagerInViewInterceptor
2022-06-27 13:21:00.926 DEBUG 21840 --- [http-nio-8080-exec-7] o.j.s.OpenEntityManagerInViewInterceptor : Closing JPA EntityManager in OpenEntityManagerInViewInterceptor
2022-06-27 13:21:00.954 DEBUG 21840 --- [http-nio-8080-exec-8] o.j.s.OpenEntityManagerInViewInterceptor : Opening JPA EntityManager in OpenEntityManagerInViewInterceptor
2022-06-27 13:21:00.954 DEBUG 21840 --- [http-nio-8080-exec-9] o.j.s.OpenEntityManagerInViewInterceptor : Opening JPA EntityManager in OpenEntityManagerInViewInterceptor
2022-06-27 13:21:00.954 DEBUG 21840 --- [http-nio-8080-exec-10] o.j.s.OpenEntityManagerInViewInterceptor : Opening JPA EntityManager in OpenEntityManagerInViewInterceptor
2022-06-27 13:21:00.962 DEBUG 21840 --- [http-nio-8080-exec-8] o.j.s.OpenEntityManagerInViewInterceptor : Closing JPA EntityManager in OpenEntityManagerInViewInterceptor
2022-06-27 13:21:00.964 DEBUG 21840 --- [http-nio-8080-exec-9] o.j.s.OpenEntityManagerInViewInterceptor : Closing JPA EntityManager in OpenEntityManagerInViewInterceptor
2022-06-27 13:21:00.966 DEBUG 21840 --- [http-nio-8080-exec-10] o.j.s.OpenEntityManagerInViewInterceptor : Closing JPA EntityManager in OpenEntityManagerInViewInterceptor
2022-06-27 13:21:01.012 DEBUG 21840 --- [http-nio-8080-exec-1] o.j.s.OpenEntityManagerInViewInterceptor : Opening JPA EntityManager in OpenEntityManagerInViewInterceptor
2022-06-27 13:21:01.014 DEBUG 21840 --- [http-nio-8080-exec-2] o.j.s.OpenEntityManagerInViewInterceptor : Opening JPA EntityManager in OpenEntityManagerInViewInterceptor
2022-06-27 13:21:01.019 DEBUG 21840 --- [http-nio-8080-exec-1] o.j.s.OpenEntityManagerInViewInterceptor : Closing JPA EntityManager in OpenEntityManagerInViewInterceptor
2022-06-27 13:21:01.022 DEBUG 21840 --- [http-nio-8080-exec-1] o.j.s.OpenEntityManagerInViewInterceptor : Opening JPA EntityManager in OpenEntityManagerInViewInterceptor
2022-06-27 13:21:01.024 DEBUG 21840 --- [http-nio-8080-exec-2] o.j.s.OpenEntityManagerInViewInterceptor : Closing JPA EntityManager in OpenEntityManagerInViewInterceptor
2022-06-27 13:21:01.026 DEBUG 21840 --- [http-nio-8080-exec-1] o.j.s.OpenEntityManagerInViewInterceptor : Closing JPA EntityManager in OpenEntityManagerInViewInterceptor
2022-06-27 13:21:02.533 DEBUG 21840 --- [http-nio-8080-exec-5] o.j.s.OpenEntityManagerInViewInterceptor : Opening JPA EntityManager in OpenEntityManagerInViewInterceptor
2022-06-27 13:21:02.573 DEBUG 21840 --- [http-nio-8080-exec-5] o.j.s.OpenEntityManagerInViewInterceptor : Closing JPA EntityManager in OpenEntityManagerInViewInterceptor
2022-06-27 13:21:02.606 DEBUG 21840 --- [http-nio-8080-exec-3] o.j.s.OpenEntityManagerInViewInterceptor : Opening JPA EntityManager in OpenEntityManagerInViewInterceptor
2022-06-27 13:21:02.607 DEBUG 21840 --- [http-nio-8080-exec-4] o.j.s.OpenEntityManagerInViewInterceptor : Opening JPA EntityManager in OpenEntityManagerInViewInterceptor
2022-06-27 13:21:02.607 DEBUG 21840 --- [http-nio-8080-exec-6] o.j.s.OpenEntityManagerInViewInterceptor : Opening JPA EntityManager in OpenEntityManagerInViewInterceptor
2022-06-27 13:21:02.611 DEBUG 21840 --- [http-nio-8080-exec-4] o.j.s.OpenEntityManagerInViewInterceptor : Closing JPA EntityManager in OpenEntityManagerInViewInterceptor
2022-06-27 13:21:02.611 DEBUG 21840 --- [http-nio-8080-exec-6] o.j.s.OpenEntityManagerInViewInterceptor : Closing JPA EntityManager in OpenEntityManagerInViewInterceptor
2022-06-27 13:21:02.614 DEBUG 21840 --- [http-nio-8080-exec-3] o.j.s.OpenEntityManagerInViewInterceptor : Closing JPA EntityManager in OpenEntityManagerInViewInterceptor
2022-06-27 13:21:02.647 DEBUG 21840 --- [http-nio-8080-exec-7] o.j.s.OpenEntityManagerInViewInterceptor : Opening JPA EntityManager in OpenEntityManagerInViewInterceptor
2022-06-27 13:21:02.648 DEBUG 21840 --- [http-nio-8080-exec-7] o.j.s.OpenEntityManagerInViewInterceptor : Closing JPA EntityManager in OpenEntityManagerInViewInterceptor
2022-06-27 13:21:02.650 DEBUG 21840 --- [http-nio-8080-exec-7] o.j.s.OpenEntityManagerInViewInterceptor : Opening JPA EntityManager in OpenEntityManagerInViewInterceptor
2022-06-27 13:21:02.652 DEBUG 21840 --- [http-nio-8080-exec-7] o.j.s.OpenEntityManagerInViewInterceptor : Closing JPA EntityManager in OpenEntityManagerInViewInterceptor
2022-06-27 13:21:03.249 DEBUG 21840 --- [http-nio-8080-exec-8] o.j.s.OpenEntityManagerInViewInterceptor : Opening JPA EntityManager in OpenEntityManagerInViewInterceptor
2022-06-27 13:21:03.258 DEBUG 21840 --- [http-nio-8080-exec-8] o.j.s.OpenEntityManagerInViewInterceptor : Closing JPA EntityManager in OpenEntityManagerInViewInterceptor
2022-06-27 13:21:03.293 DEBUG 21840 --- [http-nio-8080-exec-9] o.j.s.OpenEntityManagerInViewInterceptor : Opening JPA EntityManager in OpenEntityManagerInViewInterceptor
2022-06-27 13:21:03.295 DEBUG 21840 --- [http-nio-8080-exec-10] o.j.s.OpenEntityManagerInViewInterceptor : Opening JPA EntityManager in OpenEntityManagerInViewInterceptor
2022-06-27 13:21:03.295 DEBUG 21840 --- [http-nio-8080-exec-2] o.j.s.OpenEntityManagerInViewInterceptor : Opening JPA EntityManager in OpenEntityManagerInViewInterceptor
2022-06-27 13:21:03.298 DEBUG 21840 --- [http-nio-8080-exec-9] o.j.s.OpenEntityManagerInViewInterceptor : Closing JPA EntityManager in OpenEntityManagerInViewInterceptor
2022-06-27 13:21:03.299 DEBUG 21840 --- [http-nio-8080-exec-10] o.j.s.OpenEntityManagerInViewInterceptor : Closing JPA EntityManager in OpenEntityManagerInViewInterceptor
2022-06-27 13:21:03.300 DEBUG 21840 --- [http-nio-8080-exec-2] o.j.s.OpenEntityManagerInViewInterceptor : Closing JPA EntityManager in OpenEntityManagerInViewInterceptor
2022-06-27 13:21:03.332 DEBUG 21840 --- [http-nio-8080-exec-1] o.j.s.OpenEntityManagerInViewInterceptor : Opening JPA EntityManager in OpenEntityManagerInViewInterceptor
2022-06-27 13:21:03.334 DEBUG 21840 --- [http-nio-8080-exec-1] o.j.s.OpenEntityManagerInViewInterceptor : Closing JPA EntityManager in OpenEntityManagerInViewInterceptor
2022-06-27 13:21:03.336 DEBUG 21840 --- [http-nio-8080-exec-1] o.j.s.OpenEntityManagerInViewInterceptor : Opening JPA EntityManager in OpenEntityManagerInViewInterceptor
2022-06-27 13:21:03.338 DEBUG 21840 --- [http-nio-8080-exec-1] o.j.s.OpenEntityManagerInViewInterceptor : Closing JPA EntityManager in OpenEntityManagerInViewInterceptor
2022-06-27 13:21:04.307 DEBUG 21840 --- [http-nio-8080-exec-5] tor$SharedEntityManagerInvocationHandler : Creating new EntityManager for shared EntityManager invocation
2022-06-27 13:21:04.308 DEBUG 21840 --- [http-nio-8080-exec-5] org.hibernate.SQL                        : select user0_.id as id1_1_, user0_.email as email2_1_, user0_.name as name3_1_, user0_.password as password4_1_, user0_.role as role5_1_, user0_.signup_date as signup_d6_1_ from users user0_ where user0_.email=?
2022-06-27 13:21:04.431 DEBUG 21840 --- [http-nio-8080-exec-4] o.j.s.OpenEntityManagerInViewInterceptor : Opening JPA EntityManager in OpenEntityManagerInViewInterceptor
2022-06-27 13:21:04.432 DEBUG 21840 --- [http-nio-8080-exec-4] org.hibernate.SQL                        : select user0_.id as id1_1_, user0_.email as email2_1_, user0_.name as name3_1_, user0_.password as password4_1_, user0_.role as role5_1_, user0_.signup_date as signup_d6_1_ from users user0_ where user0_.email=?
2022-06-27 13:21:04.441 DEBUG 21840 --- [http-nio-8080-exec-4] o.j.s.OpenEntityManagerInViewInterceptor : Closing JPA EntityManager in OpenEntityManagerInViewInterceptor
2022-06-27 13:21:04.451 DEBUG 21840 --- [http-nio-8080-exec-6] o.j.s.OpenEntityManagerInViewInterceptor : Opening JPA EntityManager in OpenEntityManagerInViewInterceptor
2022-06-27 13:21:04.475 DEBUG 21840 --- [http-nio-8080-exec-6] org.hibernate.SQL                        : SELECT * FROM flights order by departure_estimated
2022-06-27 13:21:04.631 DEBUG 21840 --- [http-nio-8080-exec-3] o.j.s.OpenEntityManagerInViewInterceptor : Opening JPA EntityManager in OpenEntityManagerInViewInterceptor
2022-06-27 13:21:04.637 DEBUG 21840 --- [http-nio-8080-exec-3] o.j.s.OpenEntityManagerInViewInterceptor : Closing JPA EntityManager in OpenEntityManagerInViewInterceptor
2022-06-27 13:21:04.696 DEBUG 21840 --- [http-nio-8080-exec-6] o.j.s.OpenEntityManagerInViewInterceptor : Closing JPA EntityManager in OpenEntityManagerInViewInterceptor
